Wed, 20 Apr 2022 14:29:49 GMT POST /api/register 201 24 - 112.867 ms
Wed, 20 Apr 2022 14:43:28 GMT OPTIONS /api/register 204 0 - 1.221 ms
Wed, 20 Apr 2022 14:43:28 GMT POST /api/register 201 24 - 104.911 ms
Wed, 20 Apr 2022 14:50:59 GMT OPTIONS /api/register 204 0 - 0.519 ms
Wed, 20 Apr 2022 14:50:59 GMT POST /api/register 201 24 - 106.100 ms
Wed, 20 Apr 2022 14:57:33 GMT POST /api/login 200 434 - 27.913 ms
Wed, 20 Apr 2022 14:58:25 GMT OPTIONS /api/register 204 0 - 0.272 ms
Wed, 20 Apr 2022 14:58:25 GMT POST /api/register 400 34 - 6.088 ms
Wed, 20 Apr 2022 14:58:45 GMT OPTIONS /api/login 204 0 - 0.304 ms
Wed, 20 Apr 2022 14:58:45 GMT POST /api/login 200 408 - 8.897 ms
Wed, 20 Apr 2022 14:58:47 GMT OPTIONS /api/login 204 0 - 0.319 ms
Wed, 20 Apr 2022 14:58:47 GMT POST /api/login 200 408 - 8.508 ms
Wed, 20 Apr 2022 15:03:56 GMT OPTIONS /api/login 204 0 - 0.231 ms
Wed, 20 Apr 2022 15:03:57 GMT POST /api/login 200 408 - 6.790 ms
Wed, 20 Apr 2022 15:21:52 GMT OPTIONS /api/login 204 0 - 0.297 ms
Wed, 20 Apr 2022 15:21:52 GMT POST /api/login 200 408 - 12.059 ms
Wed, 20 Apr 2022 15:23:31 GMT POST /api/login 200 434 - 4.316 ms
Wed, 20 Apr 2022 15:24:53 GMT POST /api/login?email=pupae01@gmail.com&password=Pupae01 400 39 - 1.806 ms
Wed, 20 Apr 2022 15:25:59 GMT POST /api/login 200 408 - 6.344 ms
Wed, 20 Apr 2022 15:27:23 GMT POST /apmnt-all 404 149 - 2.337 ms
Wed, 20 Apr 2022 15:27:27 GMT GET /apmnt-all 404 148 - 1.492 ms
Wed, 20 Apr 2022 15:27:28 GMT GET /apmnt-all 404 148 - 1.128 ms
Wed, 20 Apr 2022 15:28:01 GMT GET /api/apmnt-all 400 28 - 0.848 ms
Wed, 20 Apr 2022 15:28:08 GMT GET /api/apmnt-all 200 3080 - 22.629 ms
Wed, 20 Apr 2022 15:29:15 GMT GET /apmnt-all 404 148 - 1.142 ms
Wed, 20 Apr 2022 15:29:33 GMT GET /apmnt-all 404 148 - 0.665 ms
Wed, 20 Apr 2022 15:29:45 GMT GET /apmnt-all 404 148 - 0.496 ms
Wed, 20 Apr 2022 15:30:22 GMT GET /apmnt-all 404 148 - 0.351 ms
Wed, 20 Apr 2022 15:30:48 GMT OPTIONS /api/login 204 0 - 0.178 ms
Wed, 20 Apr 2022 15:30:48 GMT POST /api/login 200 408 - 7.526 ms
Wed, 20 Apr 2022 15:31:12 GMT GET /apmnt-all 404 148 - 0.591 ms
Wed, 20 Apr 2022 15:31:34 GMT GET /api/apmnt-all 200 3080 - 13.170 ms
Wed, 20 Apr 2022 15:32:11 GMT GET /api/apmnt-all 200 3080 - 10.541 ms
Wed, 20 Apr 2022 15:32:34 GMT GET /api/apmnt-all 200 3080 - 10.904 ms
Wed, 20 Apr 2022 15:51:23 GMT POST /api/room 400 34 - 23.111 ms
Wed, 20 Apr 2022 15:51:48 GMT POST /api/room 400 34 - 10.315 ms
Wed, 20 Apr 2022 15:52:28 GMT GET /uploads/apartments/1650307354907 404 171 - 5.169 ms
Wed, 20 Apr 2022 15:53:08 GMT POST /api/room 201 22 - 27.771 ms
Wed, 20 Apr 2022 15:53:14 GMT POST /api/room 201 22 - 30.168 ms
Wed, 20 Apr 2022 15:53:20 GMT GET /api/apmnt-all 200 4151 - 20.141 ms
Wed, 20 Apr 2022 15:53:49 GMT GET /uploads/rooms/1650314428828nO0S3HZbjtr2H.jpeg 404 184 - 5.961 ms
Wed, 20 Apr 2022 15:53:56 GMT GET /api/uploads/rooms/1650314428828nO0S3HZbjtr2H.jpeg 404 188 - 1.471 ms
Wed, 20 Apr 2022 15:54:01 GMT GET /uploads/rooms/1650314428828nO0S3HZbjtr2H.jpeg 404 184 - 1.358 ms
Wed, 20 Apr 2022 15:54:30 GMT GET /uploads/rooms/1650314428828nO0S3HZbjtr2H.jpeg 200 87949 - 8.969 ms
Wed, 20 Apr 2022 15:54:30 GMT GET /favicon.ico 404 150 - 1.693 ms
Wed, 20 Apr 2022 15:56:02 GMT GET /uploads/rooms/1650314428828nO0S3HZbjtr2H.jpeg 304  - 9.631 ms
Wed, 20 Apr 2022 15:57:22 GMT GET /uploads/rooms/1650314428828nO0S3HZbjtr2H.jpeg 200 87949 - 2.592 ms
Wed, 20 Apr 2022 15:57:23 GMT GET /favicon.ico 404 150 - 1.265 ms
Wed, 20 Apr 2022 15:57:32 GMT GET /uploads/rooms/1650314428828nO0S3HZbjtr2H.jpeg 304  - 0.822 ms
Wed, 20 Apr 2022 15:58:01 GMT GET /uploads/apartments/1650307354907 404 171 - 1.842 ms
Wed, 20 Apr 2022 15:58:09 GMT GET /uploads/rooms/1650314428828nO0S3HZbjtr2H.jpeg 200 87949 - 1.408 ms
Wed, 20 Apr 2022 15:58:09 GMT GET /favicon.ico 404 150 - 0.766 ms
Wed, 20 Apr 2022 15:58:16 GMT GET /uploads/apartments/1650307354907 404 171 - 1.995 ms
Wed, 20 Apr 2022 15:58:21 GMT GET /uploads/rooms/1650314428824E3QBoXFBIgXCx.jpeg 200 215498 - 2.643 ms
Wed, 20 Apr 2022 15:58:44 GMT GET /uploads/apartments/1650307354907 404 171 - 5.879 ms
Wed, 20 Apr 2022 15:58:45 GMT GET /uploads/apartments/1650307354907 404 171 - 1.945 ms
Wed, 20 Apr 2022 15:59:05 GMT GET /uploads/apartments/1650307354907 404 171 - 7.457 ms
Wed, 20 Apr 2022 15:59:06 GMT GET /uploads/apartments/1650307354907 404 171 - 2.058 ms
Wed, 20 Apr 2022 15:59:07 GMT GET /uploads/apartments/1650307354907 404 171 - 1.225 ms
Wed, 20 Apr 2022 16:01:09 GMT GET /uploads1/uploads/apartments/1650307354907 404 180 - 4.275 ms
Wed, 20 Apr 2022 16:01:56 GMT GET /uploads1/uploads/apartments/1650307354907 404 180 - 3.817 ms
Wed, 20 Apr 2022 16:01:56 GMT GET /uploads1/uploads/apartments/1650307354907 404 180 - 1.262 ms
Wed, 20 Apr 2022 16:01:59 GMT GET /uploads/apartments/1650307354907 404 171 - 0.624 ms
Wed, 20 Apr 2022 16:02:04 GMT GET /uploads1/apartments/1650307354907 404 172 - 0.487 ms
Wed, 20 Apr 2022 16:02:15 GMT GET /uploads/apartments/1650307354907 404 171 - 0.721 ms
Wed, 20 Apr 2022 16:02:21 GMT GET /uploads1/uploads/apartments/1650307354907 404 180 - 0.353 ms
Wed, 20 Apr 2022 16:03:03 GMT GET /uploads/rooms/1650314428828nO0S3HZbjtr2H.jpeg 404 184 - 0.499 ms
Wed, 20 Apr 2022 16:03:41 GMT GET /uploads/rooms/1650314428824E3QBoXFBIgXCx.jpeg 404 184 - 1.692 ms
Wed, 20 Apr 2022 16:03:41 GMT GET /uploads/rooms/1650314428827fHHAH6$hn8q 404 177 - 0.398 ms
Wed, 20 Apr 2022 16:03:41 GMT GET /uploads/rooms/1650314428827uQx0SJYKowLlj.jpeg 404 184 - 0.247 ms
Wed, 20 Apr 2022 16:03:41 GMT GET /uploads/rooms/1650314428828nO0S3HZbjtr2H.jpeg 404 184 - 0.240 ms
Wed, 20 Apr 2022 16:03:45 GMT GET /uploads/rooms/1650314428828nO0S3HZbjtr2H.jpeg 404 184 - 0.533 ms
Wed, 20 Apr 2022 16:03:45 GMT GET /uploads/rooms/1650314428828nO0S3HZbjtr2H.jpeg 404 184 - 0.627 ms
Wed, 20 Apr 2022 16:04:21 GMT GET /uploads/rooms/1650314428828nO0S3HZbjtr2H.jpeg 404 184 - 0.786 ms
Wed, 20 Apr 2022 16:04:51 GMT GET /uploads/rooms/1650314428828nO0S3HZbjtr2H.jpeg 404 184 - 1.545 ms
Wed, 20 Apr 2022 16:04:56 GMT GET /uploads/rooms/1650314428824E3QBoXFBIgXCx.jpeg 404 184 - 4.040 ms
Wed, 20 Apr 2022 16:05:20 GMT GET /uploads/rooms/1650314428824E3QBoXFBIgXCx.jpeg 404 184 - 2.366 ms
Wed, 20 Apr 2022 16:05:26 GMT GET /uploads/rooms/1650314428828nO0S3HZbjtr2H.jpeg 404 184 - 0.947 ms
Wed, 20 Apr 2022 16:06:05 GMT GET /uploads/rooms/1650314428828nO0S3HZbjtr2H.jpeg 404 184 - 5.075 ms
Wed, 20 Apr 2022 16:06:06 GMT GET /uploads/rooms/1650314428828nO0S3HZbjtr2H.jpeg 404 184 - 1.444 ms
Wed, 20 Apr 2022 16:06:07 GMT GET /uploads/rooms/1650314428828nO0S3HZbjtr2H.jpeg 404 184 - 0.891 ms
Wed, 20 Apr 2022 16:06:19 GMT GET /uploads/apartments/1650307354907 404 171 - 0.786 ms
Wed, 20 Apr 2022 16:06:41 GMT GET /uploads/rooms/1650314428827fHHAH6$hn8q 404 177 - 2.206 ms
Wed, 20 Apr 2022 16:06:41 GMT GET /uploads/rooms/1650314428824E3QBoXFBIgXCx.jpeg 404 184 - 1.971 ms
Wed, 20 Apr 2022 16:06:41 GMT GET /uploads/rooms/1650314428827uQx0SJYKowLlj.jpeg 404 184 - 0.476 ms
Wed, 20 Apr 2022 16:06:41 GMT GET /uploads/rooms/1650314428828nO0S3HZbjtr2H.jpeg 404 184 - 0.630 ms
Wed, 20 Apr 2022 16:07:07 GMT OPTIONS /api/login 204 0 - 0.309 ms
Wed, 20 Apr 2022 16:07:07 GMT POST /api/login 200 408 - 18.388 ms
Wed, 20 Apr 2022 16:07:12 GMT GET /uploads/rooms/1650314428824E3QBoXFBIgXCx.jpeg 404 184 - 3.179 ms
Wed, 20 Apr 2022 16:07:12 GMT GET /uploads/rooms/1650314428827fHHAH6$hn8q 404 177 - 1.255 ms
Wed, 20 Apr 2022 16:07:12 GMT GET /uploads/rooms/1650314428827uQx0SJYKowLlj.jpeg 404 184 - 0.740 ms
Wed, 20 Apr 2022 16:07:12 GMT GET /uploads/rooms/1650314428828nO0S3HZbjtr2H.jpeg 404 184 - 0.443 ms
Wed, 20 Apr 2022 16:07:30 GMT GET /uploads/apartments/1650307354907 404 171 - 3.198 ms
Wed, 20 Apr 2022 16:07:31 GMT GET /uploads/apartments/1650307354907 404 171 - 1.234 ms
Wed, 20 Apr 2022 16:07:37 GMT GET /rooms/apartments/1650307354907 404 169 - 2.504 ms
Wed, 20 Apr 2022 16:07:44 GMT GET /apartments/apartments/1650307354907 404 174 - 0.769 ms
Wed, 20 Apr 2022 16:07:54 GMT GET /apartments/1650307354907 404 163 - 0.946 ms
Wed, 20 Apr 2022 16:08:06 GMT GET /apartments/apartments/1650307354907 404 174 - 5.018 ms
Wed, 20 Apr 2022 16:08:13 GMT GET /apartments/apartments/1650307354907 404 174 - 4.853 ms
Wed, 20 Apr 2022 16:08:21 GMT GET /apartments/apartments/1650307354907 404 174 - 4.853 ms
Wed, 20 Apr 2022 16:09:52 GMT GET /apartments/apartments/1650307354907 404 174 - 8.199 ms
Wed, 20 Apr 2022 16:09:56 GMT GET /uploads/apartments/1650307354907 404 171 - 2.129 ms
Wed, 20 Apr 2022 16:10:51 GMT GET /apartments/1650307354907 404 163 - 4.858 ms
Wed, 20 Apr 2022 16:11:00 GMT GET /apartments/1650307354907 404 163 - 5.995 ms
Wed, 20 Apr 2022 16:11:01 GMT GET /apartments/1650307354907 404 163 - 1.828 ms
Wed, 20 Apr 2022 16:11:50 GMT GET /1650307354907 404 152 - 0.815 ms
Wed, 20 Apr 2022 16:12:21 GMT GET /16503073605012F$IoF$nw1mg2.jpeg 404 170 - 1.265 ms
Wed, 20 Apr 2022 16:12:34 GMT GET /apartments/16503073605012F$IoF$nw1mg2.jpeg 200 13415 - 4.437 ms
Wed, 20 Apr 2022 16:12:52 GMT GET /rooms/1650316740369aVnYNbEhM1LgT.jpeg 200 215498 - 1.665 ms
Wed, 20 Apr 2022 16:15:29 GMT GET /uploads/rooms/1650314428824E3QBoXFBIgXCx.jpeg 404 184 - 2.934 ms
Wed, 20 Apr 2022 16:15:30 GMT GET /uploads/rooms/1650314428827fHHAH6$hn8q 404 177 - 1.770 ms
Wed, 20 Apr 2022 16:15:30 GMT GET /uploads/rooms/1650314428827uQx0SJYKowLlj.jpeg 404 184 - 1.715 ms
Wed, 20 Apr 2022 16:15:30 GMT GET /uploads/rooms/1650314428828nO0S3HZbjtr2H.jpeg 404 184 - 0.576 ms
Wed, 20 Apr 2022 16:15:32 GMT GET /uploads/rooms/1650314428824E3QBoXFBIgXCx.jpeg 404 184 - 4.471 ms
Wed, 20 Apr 2022 16:15:32 GMT GET /uploads/rooms/1650314428827fHHAH6$hn8q 404 177 - 3.542 ms
Wed, 20 Apr 2022 16:15:32 GMT GET /uploads/rooms/1650314428827uQx0SJYKowLlj.jpeg 404 184 - 2.552 ms
Wed, 20 Apr 2022 16:15:32 GMT GET /uploads/rooms/1650314428828nO0S3HZbjtr2H.jpeg 404 184 - 2.342 ms
Wed, 20 Apr 2022 16:15:33 GMT GET /uploads/rooms/1650314428824E3QBoXFBIgXCx.jpeg 404 184 - 0.406 ms
Wed, 20 Apr 2022 16:15:34 GMT GET /uploads/rooms/1650314428827fHHAH6$hn8q 404 177 - 2.025 ms
Wed, 20 Apr 2022 16:15:34 GMT GET /uploads/rooms/1650314428827uQx0SJYKowLlj.jpeg 404 184 - 1.922 ms
Wed, 20 Apr 2022 16:15:34 GMT GET /uploads/rooms/1650314428828nO0S3HZbjtr2H.jpeg 404 184 - 2.008 ms
Wed, 20 Apr 2022 16:15:38 GMT GET /uploads/rooms/1650314428824E3QBoXFBIgXCx.jpeg 404 184 - 0.723 ms
Wed, 20 Apr 2022 16:15:38 GMT GET /uploads/rooms/1650314428827fHHAH6$hn8q 404 177 - 0.997 ms
Wed, 20 Apr 2022 16:15:38 GMT GET /uploads/rooms/1650314428827uQx0SJYKowLlj.jpeg 404 184 - 0.450 ms
Wed, 20 Apr 2022 16:15:38 GMT GET /uploads/rooms/1650314428828nO0S3HZbjtr2H.jpeg 404 184 - 0.529 ms
Wed, 20 Apr 2022 16:15:58 GMT POST /api/apmnt 400 37 - 30.121 ms
Wed, 20 Apr 2022 16:16:12 GMT POST /api/apmnt 401 37 - 7.560 ms
Wed, 20 Apr 2022 16:16:26 GMT POST /api/apmnt 401 37 - 13.325 ms
Wed, 20 Apr 2022 16:16:59 GMT POST /api/apmnt 401 37 - 23.915 ms
Wed, 20 Apr 2022 16:17:17 GMT POST /api/apmnt 401 37 - 22.388 ms
Wed, 20 Apr 2022 16:17:31 GMT OPTIONS /api/login 204 0 - 0.407 ms
Wed, 20 Apr 2022 16:17:31 GMT POST /api/login 200 408 - 13.362 ms
Wed, 20 Apr 2022 16:17:42 GMT POST /api/apmnt 401 37 - 21.015 ms
Wed, 20 Apr 2022 16:18:07 GMT POST /api/apmnt 401 37 - 22.343 ms
Wed, 20 Apr 2022 16:18:54 GMT POST /api/apmnt 401 37 - 22.780 ms
Wed, 20 Apr 2022 16:18:56 GMT OPTIONS /api/login 204 0 - 0.690 ms
Wed, 20 Apr 2022 16:18:56 GMT POST /api/login 200 408 - 19.637 ms
Wed, 20 Apr 2022 16:19:36 GMT POST /api/apmnt 401 37 - 11.162 ms
Wed, 20 Apr 2022 16:20:01 GMT POST /api/login 200 427 - 7.028 ms
Wed, 20 Apr 2022 16:20:10 GMT POST /api/room 500 28 - 22.673 ms
Wed, 20 Apr 2022 16:20:42 GMT POST /api/room 500 28 - 14.453 ms
Wed, 20 Apr 2022 16:21:11 GMT POST /api/room 500 28 - 28.589 ms
Wed, 20 Apr 2022 16:21:38 GMT POST /api/room 500 28 - 18.817 ms
Wed, 20 Apr 2022 16:21:39 GMT GET /uploads/rooms/1650314428824E3QBoXFBIgXCx.jpeg 404 184 - 6.309 ms
Wed, 20 Apr 2022 16:21:39 GMT GET /uploads/rooms/1650314428827uQx0SJYKowLlj.jpeg 404 184 - 4.734 ms
Wed, 20 Apr 2022 16:21:39 GMT GET /uploads/rooms/1650314428827fHHAH6$hn8q 404 177 - 4.362 ms
Wed, 20 Apr 2022 16:21:39 GMT GET /uploads/rooms/1650314428828nO0S3HZbjtr2H.jpeg 404 184 - 4.353 ms
Wed, 20 Apr 2022 16:21:43 GMT GET /uploads/rooms/1650314428824E3QBoXFBIgXCx.jpeg 404 184 - 1.157 ms
Wed, 20 Apr 2022 16:21:44 GMT GET /uploads/rooms/1650314428827fHHAH6$hn8q 404 177 - 0.884 ms
Wed, 20 Apr 2022 16:21:44 GMT GET /uploads/rooms/1650314428827uQx0SJYKowLlj.jpeg 404 184 - 0.948 ms
Wed, 20 Apr 2022 16:21:44 GMT GET /uploads/rooms/1650314428828nO0S3HZbjtr2H.jpeg 404 184 - 0.767 ms
Wed, 20 Apr 2022 16:22:05 GMT POST /api/room 500 28 - 26.950 ms
Wed, 20 Apr 2022 16:23:12 GMT POST /api/room 500 28 - 40.710 ms
Wed, 20 Apr 2022 16:23:31 GMT POST /api/apmnt 401 37 - 13.364 ms
Wed, 20 Apr 2022 16:23:53 GMT POST /api/apmnt 401 37 - 22.301 ms
Wed, 20 Apr 2022 16:24:33 GMT POST /api/apmnt 401 37 - 11.313 ms
Wed, 20 Apr 2022 16:24:46 GMT POST /api/apmnt 401 37 - 11.479 ms
Wed, 20 Apr 2022 16:24:58 GMT POST /api/apmnt 401 37 - 22.217 ms
Wed, 20 Apr 2022 16:25:25 GMT POST /api/apmnt 201 22 - 35.306 ms
Wed, 20 Apr 2022 16:25:55 GMT POST /api/apmnt 201 22 - 20.141 ms
Wed, 20 Apr 2022 16:25:59 GMT POST /api/apmnt 201 22 - 21.417 ms
Wed, 20 Apr 2022 16:26:17 GMT POST /api/room 201 22 - 32.663 ms
Wed, 20 Apr 2022 16:26:21 GMT POST /api/room 201 22 - 20.988 ms
Wed, 20 Apr 2022 16:26:35 GMT POST /api/room 201 22 - 26.168 ms
Wed, 20 Apr 2022 16:26:38 GMT POST /api/room 201 22 - 21.235 ms
Wed, 20 Apr 2022 16:26:58 GMT POST /api/room 201 22 - 20.562 ms
Wed, 20 Apr 2022 16:27:02 GMT POST /api/room 201 22 - 20.394 ms
Wed, 20 Apr 2022 16:27:45 GMT GET /api/apmnt-all 200 4840 - 21.368 ms
Wed, 20 Apr 2022 16:28:12 GMT GET /api/apmnt-all 200 4840 - 37.368 ms
Wed, 20 Apr 2022 16:29:56 GMT POST /api/room-insert 400 28 - 19.568 ms
Wed, 20 Apr 2022 16:30:11 GMT POST /api/room-insert 500 27 - 8.974 ms
Wed, 20 Apr 2022 16:30:37 GMT GET /apartments/1650471925549DyKL9Nb2q6Awy.jpeg 200 215498 - 7.190 ms
Wed, 20 Apr 2022 16:30:45 GMT POST /api/room-insert 200 21 - 46.121 ms
Wed, 20 Apr 2022 16:31:27 GMT POST /api/room-insert 200 21 - 24.572 ms
Wed, 20 Apr 2022 16:31:35 GMT GET /api/apmnt-all 200 5275 - 20.043 ms
Wed, 20 Apr 2022 16:31:48 GMT GET /api/apmnt-owner-room 200 5275 - 18.431 ms
Wed, 20 Apr 2022 16:32:56 GMT GET /apartments/1650471925549DyKL9Nb2q6Awy.jpeg 200 215498 - 5.763 ms
Wed, 20 Apr 2022 16:32:56 GMT GET /apartments/1650471959970nY5eJfjGZUqD1.jpeg 200 215498 - 5.977 ms
Wed, 20 Apr 2022 16:32:56 GMT GET /apartments/1650471955805DlciQV0o0EycQ.jpeg 200 215498 - 5.303 ms
Wed, 20 Apr 2022 16:34:20 GMT GET /apartments/1650471925549DyKL9Nb2q6Awy.jpeg 200 215498 - 1.105 ms
Wed, 20 Apr 2022 16:34:20 GMT GET /apartments/1650471955805DlciQV0o0EycQ.jpeg 200 215498 - 2.649 ms
Wed, 20 Apr 2022 16:34:20 GMT GET /apartments/1650471959970nY5eJfjGZUqD1.jpeg 200 215498 - 1.994 ms
Wed, 20 Apr 2022 16:34:22 GMT GET /apartments/1650471955805DlciQV0o0EycQ.jpeg 200 215498 - 2.607 ms
Wed, 20 Apr 2022 16:34:22 GMT GET /apartments/1650471925549DyKL9Nb2q6Awy.jpeg 200 215498 - 2.359 ms
Wed, 20 Apr 2022 16:34:22 GMT GET /apartments/1650471959970nY5eJfjGZUqD1.jpeg 200 215498 - 2.067 ms
Wed, 20 Apr 2022 16:34:37 GMT GET /apartments/1650471955805DlciQV0o0EycQ.jpeg 200 215498 - 1.233 ms
Wed, 20 Apr 2022 16:34:37 GMT GET /apartments/1650471925549DyKL9Nb2q6Awy.jpeg 200 215498 - 1.170 ms
Wed, 20 Apr 2022 16:34:37 GMT GET /apartments/1650471959970nY5eJfjGZUqD1.jpeg 200 215498 - 1.158 ms
Wed, 20 Apr 2022 16:34:41 GMT GET /apartments/1650471955805DlciQV0o0EycQ.jpeg 200 215498 - 1.652 ms
Wed, 20 Apr 2022 16:34:41 GMT GET /apartments/1650471925549DyKL9Nb2q6Awy.jpeg 200 215498 - 1.195 ms
Wed, 20 Apr 2022 16:34:41 GMT GET /apartments/1650471959970nY5eJfjGZUqD1.jpeg 200 215498 - 1.064 ms
Wed, 20 Apr 2022 16:34:47 GMT GET /apartments/1650471955805DlciQV0o0EycQ.jpeg 200 215498 - 3.215 ms
Wed, 20 Apr 2022 16:34:47 GMT GET /apartments/1650471925549DyKL9Nb2q6Awy.jpeg 200 215498 - 2.656 ms
Wed, 20 Apr 2022 16:34:47 GMT GET /apartments/1650471959970nY5eJfjGZUqD1.jpeg 200 215498 - 5.681 ms
Wed, 20 Apr 2022 16:35:13 GMT GET /apartments/1650471955805DlciQV0o0EycQ.jpeg 200 215498 - 2.885 ms
Wed, 20 Apr 2022 16:35:13 GMT GET /apartments/1650471925549DyKL9Nb2q6Awy.jpeg 200 215498 - 2.425 ms
Wed, 20 Apr 2022 16:35:13 GMT GET /apartments/1650471959970nY5eJfjGZUqD1.jpeg 200 215498 - 2.281 ms
Wed, 20 Apr 2022 16:35:14 GMT GET /apartments/1650471955805DlciQV0o0EycQ.jpeg 200 215498 - 1.803 ms
Wed, 20 Apr 2022 16:35:14 GMT GET /apartments/1650471925549DyKL9Nb2q6Awy.jpeg 200 215498 - 1.952 ms
Wed, 20 Apr 2022 16:35:14 GMT GET /apartments/1650471959970nY5eJfjGZUqD1.jpeg 200 215498 - 1.645 ms
Wed, 20 Apr 2022 16:35:18 GMT GET /apartments/1650471955805DlciQV0o0EycQ.jpeg 200 215498 - 3.886 ms
Wed, 20 Apr 2022 16:35:18 GMT GET /apartments/1650471925549DyKL9Nb2q6Awy.jpeg 200 215498 - 3.318 ms
Wed, 20 Apr 2022 16:35:18 GMT GET /apartments/1650471959970nY5eJfjGZUqD1.jpeg 200 215498 - 1.264 ms
Wed, 20 Apr 2022 16:35:19 GMT GET /apartments/1650471955805DlciQV0o0EycQ.jpeg 200 215498 - 1.612 ms
Wed, 20 Apr 2022 16:35:19 GMT GET /apartments/1650471925549DyKL9Nb2q6Awy.jpeg 200 215498 - 1.123 ms
Wed, 20 Apr 2022 16:35:19 GMT GET /apartments/1650471959970nY5eJfjGZUqD1.jpeg 200 215498 - 0.785 ms
Wed, 20 Apr 2022 16:36:18 GMT GET /apartments/1650471925549DyKL9Nb2q6Awy.jpeg 200 215498 - 1.636 ms
Wed, 20 Apr 2022 16:36:18 GMT GET /apartments/1650471955805DlciQV0o0EycQ.jpeg 200 215498 - 1.423 ms
Wed, 20 Apr 2022 16:36:18 GMT GET /apartments/1650471959970nY5eJfjGZUqD1.jpeg 200 215498 - 1.569 ms
Wed, 20 Apr 2022 16:36:20 GMT GET /apartments/1650471955805DlciQV0o0EycQ.jpeg 200 215498 - 11.521 ms
Wed, 20 Apr 2022 16:36:20 GMT GET /apartments/1650471925549DyKL9Nb2q6Awy.jpeg 200 215498 - 10.525 ms
Wed, 20 Apr 2022 16:36:20 GMT GET /apartments/1650471959970nY5eJfjGZUqD1.jpeg 200 215498 - 11.356 ms
Wed, 20 Apr 2022 16:36:25 GMT GET /apartments/1650471955805DlciQV0o0EycQ.jpeg 200 215498 - 1.011 ms
Wed, 20 Apr 2022 16:36:25 GMT GET /apartments/1650471925549DyKL9Nb2q6Awy.jpeg 200 215498 - 0.900 ms
Wed, 20 Apr 2022 16:36:25 GMT GET /apartments/1650471959970nY5eJfjGZUqD1.jpeg 200 215498 - 1.579 ms
Wed, 20 Apr 2022 16:36:28 GMT GET /apartments/1650471955805DlciQV0o0EycQ.jpeg 200 215498 - 0.774 ms
Wed, 20 Apr 2022 16:36:28 GMT GET /apartments/1650471925549DyKL9Nb2q6Awy.jpeg 200 215498 - 1.424 ms
Wed, 20 Apr 2022 16:36:28 GMT GET /apartments/1650471959970nY5eJfjGZUqD1.jpeg 200 215498 - 0.959 ms
Wed, 20 Apr 2022 16:37:14 GMT GET /apartments/1650471955805DlciQV0o0EycQ.jpeg 200 215498 - 0.806 ms
Wed, 20 Apr 2022 16:37:14 GMT GET /apartments/1650471925549DyKL9Nb2q6Awy.jpeg 200 215498 - 1.105 ms
Wed, 20 Apr 2022 16:37:14 GMT GET /apartments/1650471959970nY5eJfjGZUqD1.jpeg 200 215498 - 1.192 ms
Wed, 20 Apr 2022 16:41:32 GMT GET /apartments/1650471955805DlciQV0o0EycQ.jpeg 200 215498 - 3.031 ms
Wed, 20 Apr 2022 16:41:32 GMT GET /apartments/1650471925549DyKL9Nb2q6Awy.jpeg 200 215498 - 1.540 ms
Wed, 20 Apr 2022 16:41:32 GMT GET /apartments/1650471959970nY5eJfjGZUqD1.jpeg 200 215498 - 1.301 ms
Wed, 20 Apr 2022 16:42:50 GMT GET /apartments/1650471955805DlciQV0o0EycQ.jpeg 200 215498 - 4.018 ms
Wed, 20 Apr 2022 16:42:50 GMT GET /apartments/1650471925549DyKL9Nb2q6Awy.jpeg 200 215498 - 3.792 ms
Wed, 20 Apr 2022 16:42:50 GMT GET /apartments/1650471959970nY5eJfjGZUqD1.jpeg 200 215498 - 1.217 ms
Wed, 20 Apr 2022 16:43:20 GMT GET /apartments/1650471955805DlciQV0o0EycQ.jpeg 200 215498 - 1.112 ms
Wed, 20 Apr 2022 16:43:20 GMT GET /apartments/1650471925549DyKL9Nb2q6Awy.jpeg 200 215498 - 0.578 ms
Wed, 20 Apr 2022 16:43:20 GMT GET /apartments/1650471959970nY5eJfjGZUqD1.jpeg 200 215498 - 0.757 ms
Wed, 20 Apr 2022 16:43:23 GMT GET /apartments/1650471955805DlciQV0o0EycQ.jpeg 200 215498 - 2.106 ms
Wed, 20 Apr 2022 16:43:23 GMT GET /apartments/1650471925549DyKL9Nb2q6Awy.jpeg 200 215498 - 1.598 ms
Wed, 20 Apr 2022 16:43:23 GMT GET /apartments/1650471959970nY5eJfjGZUqD1.jpeg 200 215498 - 1.824 ms
Wed, 20 Apr 2022 16:43:42 GMT GET /apartments/1650471955805DlciQV0o0EycQ.jpeg 200 215498 - 1.094 ms
Wed, 20 Apr 2022 16:43:42 GMT GET /apartments/1650471925549DyKL9Nb2q6Awy.jpeg 200 215498 - 1.288 ms
Wed, 20 Apr 2022 16:43:42 GMT GET /apartments/1650471959970nY5eJfjGZUqD1.jpeg 200 215498 - 1.168 ms
Wed, 20 Apr 2022 16:45:55 GMT GET /apartments/1650471959970nY5eJfjGZUqD1.jpeg 200 215498 - 0.918 ms
Wed, 20 Apr 2022 16:45:55 GMT GET /apartments/1650471955805DlciQV0o0EycQ.jpeg 200 215498 - 3.094 ms
Wed, 20 Apr 2022 16:45:56 GMT GET /apartments/1650471925549DyKL9Nb2q6Awy.jpeg 200 215498 - 2.992 ms
Wed, 20 Apr 2022 16:48:39 GMT GET /apartments/1650471925549DyKL9Nb2q6Awy.jpeg 200 215498 - 2.726 ms
Wed, 20 Apr 2022 16:48:39 GMT GET /apartments/1650471959970nY5eJfjGZUqD1.jpeg 200 215498 - 2.619 ms
Wed, 20 Apr 2022 16:48:39 GMT GET /apartments/1650471955805DlciQV0o0EycQ.jpeg 200 215498 - 3.755 ms
Wed, 20 Apr 2022 16:48:57 GMT GET /apartments/1650471955805DlciQV0o0EycQ.jpeg 200 215498 - 1.211 ms
Wed, 20 Apr 2022 16:48:57 GMT GET /apartments/1650471925549DyKL9Nb2q6Awy.jpeg 200 215498 - 1.343 ms
Wed, 20 Apr 2022 16:48:57 GMT GET /apartments/1650471959970nY5eJfjGZUqD1.jpeg 200 215498 - 1.046 ms
Wed, 20 Apr 2022 16:56:33 GMT GET /api/apmnt-all 200 5275 - 25.132 ms
Wed, 20 Apr 2022 16:56:54 GMT GET /apartments/1650471925549DyKL9Nb2q6Awy.jpeg 200 215498 - 1.865 ms
Wed, 20 Apr 2022 16:56:54 GMT GET /apartments/1650471955805DlciQV0o0EycQ.jpeg 200 215498 - 2.672 ms
Wed, 20 Apr 2022 16:56:54 GMT GET /apartments/1650471959970nY5eJfjGZUqD1.jpeg 200 215498 - 1.404 ms
Wed, 20 Apr 2022 16:57:02 GMT GET /api/apmnt-all 200 1645 - 11.224 ms
Wed, 20 Apr 2022 16:59:52 GMT GET /apartments/1650471955805DlciQV0o0EycQ.jpeg 200 215498 - 1.905 ms
Wed, 20 Apr 2022 16:59:52 GMT GET /apartments/1650471959970nY5eJfjGZUqD1.jpeg 200 215498 - 3.074 ms
Wed, 20 Apr 2022 16:59:52 GMT GET /apartments/1650471925549DyKL9Nb2q6Awy.jpeg 200 215498 - 2.856 ms
