Mon, 18 Apr 2022 18:42:34 GMT POST /api/apmnt 201 22 - 36.122 ms
Mon, 18 Apr 2022 18:42:37 GMT POST /api/apmnt 400 37 - 10.872 ms
Mon, 18 Apr 2022 18:42:40 GMT POST /api/apmnt 201 22 - 14.723 ms
Mon, 18 Apr 2022 20:27:20 GMT POST /api/room 404 148 - 5.664 ms
Mon, 18 Apr 2022 20:27:23 GMT POST /api/room 404 148 - 1.705 ms
Mon, 18 Apr 2022 20:27:46 GMT POST /api/room 400 29 - 32.150 ms
Mon, 18 Apr 2022 20:32:46 GMT POST /api/room 500 1546 - 23.298 ms
Mon, 18 Apr 2022 20:34:21 GMT POST /api/room 500 1546 - 23.131 ms
Mon, 18 Apr 2022 20:35:03 GMT POST /api/room 201 22 - 47.261 ms
Mon, 18 Apr 2022 20:36:55 GMT POST /api/room 400 29 - 43.009 ms
Mon, 18 Apr 2022 20:40:28 GMT POST /api/room 201 22 - 42.113 ms
Mon, 18 Apr 2022 20:41:20 GMT POST /api/room 201 22 - 30.302 ms
Mon, 18 Apr 2022 20:44:07 GMT DELETE /api/room 403 27 - 31.396 ms
Mon, 18 Apr 2022 20:45:43 GMT DELETE /api/room 500 27 - 29.769 ms
Mon, 18 Apr 2022 20:46:03 GMT DELETE /api/room 403 27 - 26.871 ms
Mon, 18 Apr 2022 20:46:28 GMT DELETE /api/room 403 27 - 29.129 ms
Mon, 18 Apr 2022 20:46:42 GMT DELETE /api/room 403 27 - 28.020 ms
Mon, 18 Apr 2022 20:48:03 GMT DELETE /api/room 403 27 - 31.195 ms
Mon, 18 Apr 2022 20:48:21 GMT DELETE /api/room 403 27 - 29.005 ms
Mon, 18 Apr 2022 20:48:52 GMT DELETE /api/room 403 27 - 28.180 ms
Mon, 18 Apr 2022 20:49:06 GMT DELETE /api/room 403 27 - 30.973 ms
Mon, 18 Apr 2022 20:49:16 GMT DELETE /api/room 403 27 - 28.764 ms
Mon, 18 Apr 2022 20:49:29 GMT DELETE /api/room 403 27 - 29.548 ms
Mon, 18 Apr 2022 20:50:32 GMT DELETE /api/room 403 27 - 32.874 ms
Mon, 18 Apr 2022 20:50:56 GMT DELETE /api/room 200 21 - 34.336 ms
Mon, 18 Apr 2022 20:51:10 GMT POST /api/room 201 22 - 39.520 ms
Mon, 18 Apr 2022 20:52:02 GMT DELETE /api/room 500 27 - 24.472 ms
Mon, 18 Apr 2022 20:53:24 GMT PUT /api/room 500 27 - 29.660 ms
Mon, 18 Apr 2022 20:54:02 GMT PUT /api/room 200 21 - 21.439 ms
Mon, 18 Apr 2022 21:04:51 GMT POST /api/room 201 22 - 51.575 ms
Mon, 18 Apr 2022 21:05:42 GMT POST /api/room 201 22 - 49.538 ms
Mon, 18 Apr 2022 21:12:36 GMT POST /api/room-insert 400 28 - 18.412 ms
Mon, 18 Apr 2022 21:12:42 GMT POST /api/room-insert 500 27 - 28.240 ms
Mon, 18 Apr 2022 21:13:37 GMT POST /api/room-insert 500 27 - 28.941 ms
Mon, 18 Apr 2022 21:15:28 GMT POST /api/room-insert 500 27 - 30.212 ms
Mon, 18 Apr 2022 21:16:24 GMT POST /api/room-insert 500 27 - 32.073 ms
Mon, 18 Apr 2022 21:17:04 GMT POST /api/room-insert 500 27 - 45.425 ms
Mon, 18 Apr 2022 21:17:29 GMT POST /api/room-insert 200 21 - 44.703 ms
Mon, 18 Apr 2022 21:19:00 GMT POST /api/room 201 22 - 42.587 ms
Mon, 18 Apr 2022 21:19:12 GMT POST /api/room-insert 500 27 - 28.763 ms
Mon, 18 Apr 2022 21:21:54 GMT POST /api/room-insert 200 21 - 43.966 ms
Mon, 18 Apr 2022 21:22:01 GMT POST /api/room-insert 200 21 - 26.822 ms
Mon, 18 Apr 2022 21:24:24 GMT DELETE /api/room-delete 200 21 - 52.403 ms
Mon, 18 Apr 2022 21:26:49 GMT DELETE /api/room-delete 200 21 - 29.808 ms
Mon, 18 Apr 2022 21:29:37 GMT DELETE /api/room-delete 500 27 - 36.416 ms
Mon, 18 Apr 2022 21:30:58 GMT DELETE /api/room-delete 200 21 - 37.605 ms
Mon, 18 Apr 2022 21:33:57 GMT PUT /api/room-update 400 28 - 18.285 ms
Mon, 18 Apr 2022 21:34:03 GMT PUT /api/room-update 403 27 - 25.592 ms
Mon, 18 Apr 2022 21:34:17 GMT PUT /api/room-update 200 21 - 37.501 ms
Mon, 18 Apr 2022 21:36:22 GMT GET /api/apmnt-all 400 28 - 1.276 ms
Mon, 18 Apr 2022 21:36:27 GMT GET /api/apmnt-all 200 1085 - 6.480 ms
Mon, 18 Apr 2022 21:38:16 GMT GET /api/apmnt-all 200 1085 - 23.335 ms
Mon, 18 Apr 2022 21:39:09 GMT GET /api/apmnt-all 200 1085 - 22.423 ms
Mon, 18 Apr 2022 21:40:01 GMT GET /api/apmnt-all 200 1085 - 21.997 ms
Mon, 18 Apr 2022 21:44:03 GMT GET /api/apmnt-all 200 1085 - 20.892 ms
Mon, 18 Apr 2022 21:44:06 GMT GET /api/apmnt-all 200 1085 - 6.263 ms
Mon, 18 Apr 2022 21:44:07 GMT GET /api/apmnt-all 200 1085 - 5.047 ms
Mon, 18 Apr 2022 21:44:45 GMT GET /api/apmnt-all 500 34 - 21.039 ms
Mon, 18 Apr 2022 21:45:24 GMT GET /api/apmnt-all 200 7 - 23.084 ms
Mon, 18 Apr 2022 21:45:39 GMT GET /api/apmnt-all 200 7 - 21.483 ms
Mon, 18 Apr 2022 21:48:34 GMT GET /api/apmnt-all 200  - 19.153 ms
Mon, 18 Apr 2022 21:48:43 GMT GET /api/apmnt-all 200 2 - 22.071 ms
Mon, 18 Apr 2022 21:49:03 GMT GET /api/apmnt-all 200 2 - 23.024 ms
Mon, 18 Apr 2022 21:49:05 GMT GET /api/apmnt-all 200 2 - 5.288 ms
Mon, 18 Apr 2022 21:52:00 GMT GET /api/apmnt-all 500 34 - 24.444 ms
Mon, 18 Apr 2022 21:52:09 GMT GET /api/apmnt-all 200 1085 - 24.014 ms
Mon, 18 Apr 2022 21:53:01 GMT GET /api/apmnt-all 200 1085 - 24.118 ms
Mon, 18 Apr 2022 21:53:02 GMT GET /api/apmnt-all 200 1085 - 5.891 ms
Mon, 18 Apr 2022 21:55:57 GMT GET /api/apmnt-all 200 1085 - 20.823 ms
Mon, 18 Apr 2022 21:55:58 GMT GET /api/apmnt-all 200 1085 - 10.838 ms
Mon, 18 Apr 2022 21:55:59 GMT GET /api/apmnt-all 200 1085 - 4.386 ms
Mon, 18 Apr 2022 21:55:59 GMT GET /api/apmnt-all 200 1085 - 5.970 ms
Mon, 18 Apr 2022 21:56:08 GMT GET /api/apmnt-all 200 1085 - 20.021 ms
Mon, 18 Apr 2022 21:58:16 GMT GET /api/apmnt-all 200 1085 - 21.404 ms
Tue, 19 Apr 2022 14:03:57 GMT GET /api/apmnt-all 200 1085 - 23.444 ms
Tue, 19 Apr 2022 14:04:15 GMT GET /api/apmnt-all 200 2 - 21.540 ms
Tue, 19 Apr 2022 14:15:17 GMT GET /api/apmnt-all 200 2 - 19.480 ms
Tue, 19 Apr 2022 14:15:18 GMT GET /api/apmnt-all 200 2 - 5.080 ms
Tue, 19 Apr 2022 14:16:15 GMT GET /api/apmnt-all 200 2 - 22.298 ms
Tue, 19 Apr 2022 14:16:29 GMT GET /api/apmnt-all 200 2 - 22.116 ms
Tue, 19 Apr 2022 14:16:37 GMT GET /api/apmnt-all 200 2 - 23.198 ms
Tue, 19 Apr 2022 14:19:25 GMT GET /api/apmnt-all 200 2 - 18.606 ms
Tue, 19 Apr 2022 14:19:34 GMT GET /api/apmnt-all 200 2 - 20.723 ms
Tue, 19 Apr 2022 14:20:21 GMT GET /api/apmnt-all 200 2 - 23.531 ms
Tue, 19 Apr 2022 14:21:04 GMT GET /api/apmnt-all 200 2 - 17.590 ms
Tue, 19 Apr 2022 14:21:25 GMT GET /api/apmnt-all 200 2 - 20.193 ms
Tue, 19 Apr 2022 14:21:26 GMT GET /api/apmnt-all 200 2 - 5.523 ms
Tue, 19 Apr 2022 14:23:12 GMT GET /api/apmnt-all 200 2 - 21.308 ms
Tue, 19 Apr 2022 14:24:15 GMT GET /api/apmnt-all 200 2 - 17.954 ms
Tue, 19 Apr 2022 14:24:18 GMT GET /api/apmnt-all 200 2 - 6.746 ms
Tue, 19 Apr 2022 14:26:02 GMT GET /api/apmnt-all 200 2 - 20.036 ms
Tue, 19 Apr 2022 14:28:23 GMT GET /api/apmnt-all 500 34 - 26.891 ms
Tue, 19 Apr 2022 14:28:36 GMT GET /api/apmnt-all 200 5346 - 27.395 ms
Tue, 19 Apr 2022 14:29:23 GMT GET /api/apmnt-all 200 3066 - 31.253 ms
Tue, 19 Apr 2022 14:43:54 GMT GET /api/apmnt-id 400 28 - 6.461 ms
Tue, 19 Apr 2022 14:44:01 GMT GET /api/apmnt-id 500 34 - 21.181 ms
Tue, 19 Apr 2022 14:45:05 GMT GET /api/apmnt-id/625db12063261a7992c4d9e2 200 1689 - 23.925 ms
Tue, 19 Apr 2022 14:45:23 GMT GET /api/apmnt-id/625db12063261a7992c4d9e2 200 516 - 23.474 ms
Tue, 19 Apr 2022 14:45:53 GMT GET /api/apmnt-id/625db12063261a7992c4d9e2 200 516 - 26.208 ms
Tue, 19 Apr 2022 14:46:11 GMT GET /api/apmnt-id/625db11a63261a7992c4d9de 200 2481 - 29.584 ms
Tue, 19 Apr 2022 14:47:52 GMT GET /api/apmnt-id/625db11a63261a7992c4d9de 200 2481 - 31.189 ms
Tue, 19 Apr 2022 14:53:32 GMT GET /api/apmnt-id/625db11a63261a7992c4d9de 200 2481 - 29.765 ms
Tue, 19 Apr 2022 14:54:15 GMT GET /api/apmnt-id/625db11a63261a7992c4d9de 200 2481 - 31.366 ms
Tue, 19 Apr 2022 14:55:54 GMT GET /api/apmnt-id/625db11a63261a7992c4d9de 200 2481 - 34.950 ms
Tue, 19 Apr 2022 15:04:03 GMT GET /api/apmnt-id/625db11a63261a7992c4d9de 200 2481 - 27.883 ms
Tue, 19 Apr 2022 15:04:22 GMT GET /api/apmnt-id/625db11a63261a7992c4d9de 200 2495 - 26.911 ms
Tue, 19 Apr 2022 15:11:23 GMT GET /api/apmnt-id/me%20smile1 400 28 - 3.427 ms
Tue, 19 Apr 2022 15:11:28 GMT GET /api/apmnt-id/me%20smile1 500 34 - 13.305 ms
Tue, 19 Apr 2022 15:11:34 GMT GET /api/apmnt-name/me%20smile1 200 2495 - 26.868 ms
Tue, 19 Apr 2022 15:12:27 GMT GET /api/apmnt-owner 400 28 - 0.598 ms
Tue, 19 Apr 2022 15:12:32 GMT GET /api/apmnt-owner 200 1085 - 5.182 ms
Tue, 19 Apr 2022 15:13:06 GMT GET /api/apmnt-owner-room 200 1085 - 6.432 ms
Tue, 19 Apr 2022 15:15:52 GMT GET /api/apmnt-owner-room 500 34 - 23.770 ms
Tue, 19 Apr 2022 15:16:28 GMT GET /api/apmnt-owner-room 200 3080 - 27.396 ms
