Fri, 22 Apr 2022 17:54:49 GMT OPTIONS /api/login 204 0 - 1.886 ms
Fri, 22 Apr 2022 17:54:49 GMT POST /api/login 200 401 - 37.692 ms
Fri, 22 Apr 2022 17:54:49 GMT OPTIONS /api/apmnt-owner 204 0 - 0.169 ms
Fri, 22 Apr 2022 17:54:49 GMT GET /api/apmnt-owner 304  - 6.230 ms
Fri, 22 Apr 2022 17:54:50 GMT GET /apartments/1650567433384DiBhxewzIzaOg.jpeg 304  - 5.099 ms
Fri, 22 Apr 2022 17:54:50 GMT GET /apartments/16505674426868TrgbXOspgeik.jpeg 304  - 4.768 ms
Fri, 22 Apr 2022 17:54:50 GMT GET /apartments/1650567447126U3zJsNJ2iEoVb.jpeg 304  - 3.927 ms
Fri, 22 Apr 2022 17:54:55 GMT OPTIONS /api/apmnt-owner 204 0 - 0.176 ms
Fri, 22 Apr 2022 17:54:55 GMT GET /api/apmnt-owner 304  - 7.788 ms
Fri, 22 Apr 2022 17:54:55 GMT GET /apartments/16505674426868TrgbXOspgeik.jpeg 304  - 0.988 ms
Fri, 22 Apr 2022 17:54:56 GMT GET /apartments/1650567447126U3zJsNJ2iEoVb.jpeg 304  - 0.673 ms
Fri, 22 Apr 2022 17:55:32 GMT OPTIONS /api/apmnt 204 0 - 0.326 ms
Fri, 22 Apr 2022 17:55:32 GMT POST /api/apmnt 500 34 - 9.527 ms
Fri, 22 Apr 2022 17:56:00 GMT OPTIONS /api/apmnt 204 0 - 0.369 ms
Fri, 22 Apr 2022 17:56:00 GMT POST /api/apmnt 500 34 - 6.495 ms
Fri, 22 Apr 2022 17:58:53 GMT OPTIONS /api/apmnt 204 0 - 0.181 ms
Fri, 22 Apr 2022 17:58:53 GMT POST /api/apmnt 500 34 - 5.540 ms
Fri, 22 Apr 2022 17:59:29 GMT OPTIONS /api/apmnt 204 0 - 1.705 ms
Fri, 22 Apr 2022 17:59:29 GMT POST /api/apmnt 500 34 - 27.556 ms
Fri, 22 Apr 2022 17:59:50 GMT OPTIONS /api/apmnt 204 0 - 1.399 ms
Fri, 22 Apr 2022 17:59:50 GMT POST /api/apmnt 500 34 - 22.530 ms
Fri, 22 Apr 2022 18:00:01 GMT OPTIONS /api/apmnt 204 0 - 0.686 ms
Fri, 22 Apr 2022 18:00:01 GMT POST /api/apmnt 500 34 - 15.308 ms
Fri, 22 Apr 2022 18:00:12 GMT OPTIONS /api/apmnt 204 0 - 2.128 ms
Fri, 22 Apr 2022 18:00:12 GMT POST /api/apmnt 500 34 - 25.286 ms
Fri, 22 Apr 2022 18:00:31 GMT OPTIONS /api/apmnt 204 0 - 1.003 ms
Fri, 22 Apr 2022 18:00:31 GMT POST /api/apmnt 500 34 - 21.561 ms
Fri, 22 Apr 2022 18:08:06 GMT OPTIONS /api/apmnt 204 0 - 0.277 ms
Fri, 22 Apr 2022 18:08:06 GMT POST /api/apmnt 400 37 - 21.282 ms
Fri, 22 Apr 2022 18:08:43 GMT OPTIONS /api/apmnt-owner 204 0 - 0.179 ms
Fri, 22 Apr 2022 18:08:43 GMT GET /api/apmnt-owner 200 1633 - 10.533 ms
Fri, 22 Apr 2022 18:08:44 GMT GET /apartments/16505674426868TrgbXOspgeik.jpeg 200 215498 - 6.435 ms
Fri, 22 Apr 2022 18:08:44 GMT GET /apartments/1650567447126U3zJsNJ2iEoVb.jpeg 200 215498 - 5.036 ms
Fri, 22 Apr 2022 18:08:44 GMT GET /apartments/1650567433384DiBhxewzIzaOg.jpeg 200 215498 - 5.344 ms
Fri, 22 Apr 2022 18:08:52 GMT OPTIONS /api/apmnt-owner 204 0 - 0.165 ms
Fri, 22 Apr 2022 18:08:52 GMT GET /api/apmnt-owner 200 1633 - 4.814 ms
Fri, 22 Apr 2022 18:08:52 GMT GET /apartments/1650567433384DiBhxewzIzaOg.jpeg 200 215498 - 0.775 ms
Fri, 22 Apr 2022 18:08:52 GMT GET /apartments/16505674426868TrgbXOspgeik.jpeg 200 215498 - 0.485 ms
Fri, 22 Apr 2022 18:08:52 GMT GET /apartments/1650567447126U3zJsNJ2iEoVb.jpeg 200 215498 - 0.411 ms
Fri, 22 Apr 2022 18:09:00 GMT OPTIONS /api/apmnt-owner 204 0 - 0.186 ms
Fri, 22 Apr 2022 18:09:00 GMT GET /api/apmnt-owner 200 1633 - 5.527 ms
Fri, 22 Apr 2022 18:09:01 GMT GET /apartments/1650567433384DiBhxewzIzaOg.jpeg 200 215498 - 1.152 ms
Fri, 22 Apr 2022 18:09:01 GMT GET /apartments/16505674426868TrgbXOspgeik.jpeg 200 215498 - 1.066 ms
Fri, 22 Apr 2022 18:09:01 GMT GET /apartments/1650567447126U3zJsNJ2iEoVb.jpeg 200 215498 - 0.887 ms
Fri, 22 Apr 2022 18:10:31 GMT OPTIONS /api/apmnt 204 0 - 0.168 ms
Fri, 22 Apr 2022 18:10:31 GMT POST /api/apmnt 400 37 - 13.467 ms
Fri, 22 Apr 2022 18:11:17 GMT OPTIONS /api/apmnt 204 0 - 0.350 ms
Fri, 22 Apr 2022 18:11:17 GMT POST /api/apmnt 400 37 - 13.669 ms
Fri, 22 Apr 2022 18:12:04 GMT OPTIONS /api/apmnt 204 0 - 0.110 ms
Fri, 22 Apr 2022 18:12:04 GMT POST /api/apmnt 400 37 - 7.013 ms
Fri, 22 Apr 2022 18:12:07 GMT OPTIONS /api/apmnt 204 0 - 0.134 ms
Fri, 22 Apr 2022 18:12:07 GMT POST /api/apmnt 400 37 - 15.283 ms
Fri, 22 Apr 2022 18:13:06 GMT OPTIONS /api/apmnt 204 0 - 0.330 ms
Fri, 22 Apr 2022 18:13:06 GMT POST /api/apmnt 400 37 - 13.545 ms
Fri, 22 Apr 2022 18:14:39 GMT OPTIONS /api/apmnt 204 0 - 0.500 ms
Fri, 22 Apr 2022 18:14:39 GMT POST /api/apmnt 400 37 - 15.300 ms
Fri, 22 Apr 2022 18:14:41 GMT OPTIONS /api/apmnt 204 0 - 0.281 ms
Fri, 22 Apr 2022 18:14:41 GMT POST /api/apmnt 400 37 - 13.693 ms
Fri, 22 Apr 2022 18:14:42 GMT OPTIONS /api/apmnt 204 0 - 0.262 ms
Fri, 22 Apr 2022 18:14:43 GMT POST /api/apmnt 400 37 - 16.097 ms
Fri, 22 Apr 2022 18:14:45 GMT OPTIONS /api/apmnt 204 0 - 0.373 ms
Fri, 22 Apr 2022 18:14:45 GMT POST /api/apmnt 400 37 - 7.948 ms
Fri, 22 Apr 2022 18:14:46 GMT OPTIONS /api/apmnt 204 0 - 0.369 ms
Fri, 22 Apr 2022 18:14:46 GMT POST /api/apmnt 400 37 - 13.350 ms
Fri, 22 Apr 2022 18:14:49 GMT OPTIONS /api/apmnt 204 0 - 0.307 ms
Fri, 22 Apr 2022 18:14:49 GMT POST /api/apmnt 201 22 - 20.512 ms
Fri, 22 Apr 2022 18:15:48 GMT OPTIONS /api/apmnt-owner 204 0 - 0.213 ms
Fri, 22 Apr 2022 18:15:49 GMT GET /api/apmnt-owner 200 2159 - 13.797 ms
Fri, 22 Apr 2022 18:15:49 GMT GET /apartments/1650651289546fFTCNriNz4N0m.jpeg 200 52565 - 2.095 ms
Fri, 22 Apr 2022 18:15:49 GMT GET /apartments/16505674426868TrgbXOspgeik.jpeg 200 215498 - 3.120 ms
Fri, 22 Apr 2022 18:15:49 GMT GET /apartments/1650567433384DiBhxewzIzaOg.jpeg 200 215498 - 2.405 ms
Fri, 22 Apr 2022 18:15:49 GMT GET /apartments/1650567447126U3zJsNJ2iEoVb.jpeg 200 215498 - 2.199 ms
Fri, 22 Apr 2022 18:15:51 GMT GET /apartments/1650651289546fFTCNriNz4N0m.jpeg 200 52565 - 0.658 ms
Fri, 22 Apr 2022 18:15:54 GMT OPTIONS /api/apmnt-owner 204 0 - 0.226 ms
Fri, 22 Apr 2022 18:15:54 GMT GET /api/apmnt-owner 200 2159 - 7.685 ms
Fri, 22 Apr 2022 18:15:54 GMT GET /apartments/1650567433384DiBhxewzIzaOg.jpeg 200 215498 - 3.007 ms
Fri, 22 Apr 2022 18:15:54 GMT GET /apartments/16505674426868TrgbXOspgeik.jpeg 200 215498 - 2.722 ms
Fri, 22 Apr 2022 18:15:55 GMT GET /apartments/1650651289546fFTCNriNz4N0m.jpeg 200 52565 - 1.071 ms
Fri, 22 Apr 2022 18:15:55 GMT GET /apartments/1650567447126U3zJsNJ2iEoVb.jpeg 200 215498 - 1.501 ms
Fri, 22 Apr 2022 18:15:56 GMT GET /apartments/1650651289546fFTCNriNz4N0m.jpeg 200 52565 - 1.292 ms
Fri, 22 Apr 2022 18:16:29 GMT GET /apartments/1650651289546fFTCNriNz4N0m.jpeg 200 52565 - 1.397 ms
Fri, 22 Apr 2022 18:16:30 GMT OPTIONS /api/apmnt-owner 204 0 - 0.314 ms
Fri, 22 Apr 2022 18:16:30 GMT GET /api/apmnt-owner 200 2159 - 7.199 ms
Fri, 22 Apr 2022 18:16:30 GMT GET /apartments/1650567433384DiBhxewzIzaOg.jpeg 200 215498 - 1.730 ms
Fri, 22 Apr 2022 18:16:30 GMT GET /apartments/16505674426868TrgbXOspgeik.jpeg 200 215498 - 1.266 ms
Fri, 22 Apr 2022 18:16:30 GMT GET /apartments/1650651289546fFTCNriNz4N0m.jpeg 200 52565 - 0.787 ms
Fri, 22 Apr 2022 18:16:30 GMT GET /apartments/1650567447126U3zJsNJ2iEoVb.jpeg 200 215498 - 0.867 ms
Fri, 22 Apr 2022 18:16:47 GMT OPTIONS /api/apmnt-owner 204 0 - 0.248 ms
Fri, 22 Apr 2022 18:16:47 GMT GET /api/apmnt-owner 200 2159 - 8.566 ms
Fri, 22 Apr 2022 18:16:47 GMT GET /apartments/1650567433384DiBhxewzIzaOg.jpeg 200 215498 - 0.928 ms
Fri, 22 Apr 2022 18:16:47 GMT GET /apartments/16505674426868TrgbXOspgeik.jpeg 200 215498 - 0.738 ms
Fri, 22 Apr 2022 18:16:47 GMT GET /apartments/1650651289546fFTCNriNz4N0m.jpeg 200 52565 - 0.709 ms
Fri, 22 Apr 2022 18:16:47 GMT GET /apartments/1650567447126U3zJsNJ2iEoVb.jpeg 200 215498 - 0.874 ms
Fri, 22 Apr 2022 18:16:55 GMT GET /apartments/1650567433384DiBhxewzIzaOg.jpeg 200 215498 - 0.646 ms
Fri, 22 Apr 2022 18:16:59 GMT OPTIONS /api/apmnt-owner 204 0 - 0.132 ms
Fri, 22 Apr 2022 18:16:59 GMT GET /api/apmnt-owner 200 2159 - 4.743 ms
Fri, 22 Apr 2022 18:16:59 GMT GET /apartments/1650567433384DiBhxewzIzaOg.jpeg 200 215498 - 0.550 ms
Fri, 22 Apr 2022 18:16:59 GMT GET /apartments/16505674426868TrgbXOspgeik.jpeg 200 215498 - 0.374 ms
Fri, 22 Apr 2022 18:16:59 GMT GET /apartments/1650567447126U3zJsNJ2iEoVb.jpeg 200 215498 - 0.241 ms
Fri, 22 Apr 2022 18:16:59 GMT GET /apartments/1650651289546fFTCNriNz4N0m.jpeg 200 52565 - 0.318 ms
Fri, 22 Apr 2022 18:17:00 GMT GET /apartments/1650567433384DiBhxewzIzaOg.jpeg 200 215498 - 0.906 ms
Fri, 22 Apr 2022 18:17:23 GMT OPTIONS /api/apmnt-owner 204 0 - 0.127 ms
Fri, 22 Apr 2022 18:17:23 GMT GET /api/apmnt-owner 200 2159 - 6.285 ms
Fri, 22 Apr 2022 18:17:23 GMT GET /apartments/1650567433384DiBhxewzIzaOg.jpeg 200 215498 - 1.058 ms
Fri, 22 Apr 2022 18:17:23 GMT GET /apartments/16505674426868TrgbXOspgeik.jpeg 200 215498 - 0.821 ms
Fri, 22 Apr 2022 18:17:23 GMT GET /apartments/1650651289546fFTCNriNz4N0m.jpeg 200 52565 - 2.336 ms
Fri, 22 Apr 2022 18:17:23 GMT GET /apartments/1650567447126U3zJsNJ2iEoVb.jpeg 200 215498 - 2.101 ms
Fri, 22 Apr 2022 18:17:24 GMT GET /apartments/1650567433384DiBhxewzIzaOg.jpeg 200 215498 - 1.484 ms
Fri, 22 Apr 2022 18:17:27 GMT OPTIONS /api/apmnt-owner 204 0 - 0.132 ms
Fri, 22 Apr 2022 18:17:28 GMT GET /api/apmnt-owner 200 2159 - 2.263 ms
Fri, 22 Apr 2022 18:17:28 GMT GET /apartments/1650567433384DiBhxewzIzaOg.jpeg 200 215498 - 0.275 ms
Fri, 22 Apr 2022 18:17:28 GMT GET /apartments/16505674426868TrgbXOspgeik.jpeg 200 215498 - 0.310 ms
Fri, 22 Apr 2022 18:17:28 GMT GET /apartments/1650567447126U3zJsNJ2iEoVb.jpeg 200 215498 - 0.386 ms
Fri, 22 Apr 2022 18:17:28 GMT GET /apartments/1650651289546fFTCNriNz4N0m.jpeg 200 52565 - 0.292 ms
Fri, 22 Apr 2022 18:17:28 GMT GET /apartments/1650567433384DiBhxewzIzaOg.jpeg 200 215498 - 0.469 ms
Fri, 22 Apr 2022 18:19:32 GMT OPTIONS /api/apmnt-owner 204 0 - 1.420 ms
Fri, 22 Apr 2022 18:19:32 GMT GET /api/apmnt-owner 200 2159 - 17.912 ms
Fri, 22 Apr 2022 18:19:32 GMT GET /apartments/1650651289546fFTCNriNz4N0m.jpeg 200 52565 - 6.887 ms
Fri, 22 Apr 2022 18:19:32 GMT GET /apartments/16505674426868TrgbXOspgeik.jpeg 200 215498 - 5.908 ms
Fri, 22 Apr 2022 18:19:32 GMT GET /apartments/1650567447126U3zJsNJ2iEoVb.jpeg 200 215498 - 10.323 ms
Fri, 22 Apr 2022 18:19:32 GMT GET /apartments/1650567433384DiBhxewzIzaOg.jpeg 200 215498 - 8.930 ms
Fri, 22 Apr 2022 18:19:52 GMT GET /apartments/1650567433384DiBhxewzIzaOg.jpeg 200 215498 - 2.009 ms
Fri, 22 Apr 2022 18:19:53 GMT OPTIONS /api/apmnt-owner 204 0 - 0.651 ms
Fri, 22 Apr 2022 18:19:53 GMT GET /api/apmnt-owner 200 2159 - 9.978 ms
Fri, 22 Apr 2022 18:19:53 GMT GET /apartments/1650567433384DiBhxewzIzaOg.jpeg 200 215498 - 1.162 ms
Fri, 22 Apr 2022 18:19:53 GMT GET /apartments/16505674426868TrgbXOspgeik.jpeg 200 215498 - 0.933 ms
Fri, 22 Apr 2022 18:19:53 GMT GET /apartments/1650567447126U3zJsNJ2iEoVb.jpeg 200 215498 - 0.683 ms
Fri, 22 Apr 2022 18:19:53 GMT GET /apartments/1650651289546fFTCNriNz4N0m.jpeg 200 52565 - 0.961 ms
Fri, 22 Apr 2022 18:19:55 GMT GET /apartments/1650651289546fFTCNriNz4N0m.jpeg 200 52565 - 2.075 ms
Fri, 22 Apr 2022 18:20:07 GMT OPTIONS /api/apmnt-owner 204 0 - 0.151 ms
Fri, 22 Apr 2022 18:20:07 GMT GET /api/apmnt-owner 200 2159 - 8.855 ms
Fri, 22 Apr 2022 18:20:07 GMT GET /apartments/1650567433384DiBhxewzIzaOg.jpeg 200 215498 - 2.673 ms
Fri, 22 Apr 2022 18:20:07 GMT GET /apartments/16505674426868TrgbXOspgeik.jpeg 200 215498 - 2.409 ms
Fri, 22 Apr 2022 18:20:07 GMT GET /apartments/1650567447126U3zJsNJ2iEoVb.jpeg 200 215498 - 1.483 ms
Fri, 22 Apr 2022 18:20:07 GMT GET /apartments/1650651289546fFTCNriNz4N0m.jpeg 200 52565 - 0.779 ms
Fri, 22 Apr 2022 18:21:21 GMT OPTIONS /api/apmnt 204 0 - 2.266 ms
Fri, 22 Apr 2022 18:21:21 GMT POST /api/apmnt 201 22 - 42.518 ms
Fri, 22 Apr 2022 18:21:24 GMT OPTIONS /api/apmnt-owner 204 0 - 0.543 ms
Fri, 22 Apr 2022 18:21:24 GMT GET /api/apmnt-owner 200 2684 - 14.745 ms
Fri, 22 Apr 2022 18:21:25 GMT GET /apartments/1650651289546fFTCNriNz4N0m.jpeg 200 52565 - 5.601 ms
Fri, 22 Apr 2022 18:21:25 GMT GET /apartments/1650567433384DiBhxewzIzaOg.jpeg 200 215498 - 7.987 ms
Fri, 22 Apr 2022 18:21:25 GMT GET /apartments/16505674426868TrgbXOspgeik.jpeg 200 215498 - 6.825 ms
Fri, 22 Apr 2022 18:21:25 GMT GET /apartments/1650567447126U3zJsNJ2iEoVb.jpeg 200 215498 - 6.434 ms
Fri, 22 Apr 2022 18:21:25 GMT GET /apartments/1650651681473iSfdHgYpoZTUt.jpg 200 455519 - 5.582 ms
Fri, 22 Apr 2022 18:21:26 GMT GET /apartments/1650651681473iSfdHgYpoZTUt.jpg 200 455519 - 2.169 ms
Fri, 22 Apr 2022 18:21:42 GMT OPTIONS /api/apmnt-owner 204 0 - 0.073 ms
Fri, 22 Apr 2022 18:21:42 GMT GET /api/apmnt-owner 200 2684 - 3.119 ms
Fri, 22 Apr 2022 18:21:42 GMT GET /apartments/1650567433384DiBhxewzIzaOg.jpeg 200 215498 - 0.615 ms
Fri, 22 Apr 2022 18:21:42 GMT GET /apartments/16505674426868TrgbXOspgeik.jpeg 200 215498 - 0.360 ms
Fri, 22 Apr 2022 18:21:42 GMT GET /apartments/1650567447126U3zJsNJ2iEoVb.jpeg 200 215498 - 0.603 ms
Fri, 22 Apr 2022 18:21:42 GMT GET /apartments/1650651289546fFTCNriNz4N0m.jpeg 200 52565 - 0.557 ms
Fri, 22 Apr 2022 18:21:42 GMT GET /apartments/1650651681473iSfdHgYpoZTUt.jpg 200 455519 - 0.613 ms
Fri, 22 Apr 2022 18:21:44 GMT GET /apartments/1650567433384DiBhxewzIzaOg.jpeg 200 215498 - 0.947 ms
Fri, 22 Apr 2022 18:21:45 GMT OPTIONS /api/apmnt-owner 204 0 - 0.392 ms
Fri, 22 Apr 2022 18:21:45 GMT GET /api/apmnt-owner 200 2684 - 9.572 ms
Fri, 22 Apr 2022 18:21:45 GMT GET /apartments/1650567433384DiBhxewzIzaOg.jpeg 200 215498 - 2.874 ms
Fri, 22 Apr 2022 18:21:45 GMT GET /apartments/16505674426868TrgbXOspgeik.jpeg 200 215498 - 1.875 ms
Fri, 22 Apr 2022 18:21:45 GMT GET /apartments/1650567447126U3zJsNJ2iEoVb.jpeg 200 215498 - 1.090 ms
Fri, 22 Apr 2022 18:21:45 GMT GET /apartments/1650651289546fFTCNriNz4N0m.jpeg 200 52565 - 3.044 ms
Fri, 22 Apr 2022 18:21:45 GMT GET /apartments/1650651681473iSfdHgYpoZTUt.jpg 200 455519 - 1.493 ms
Fri, 22 Apr 2022 18:21:46 GMT GET /apartments/1650651681473iSfdHgYpoZTUt.jpg 200 455519 - 1.676 ms
Fri, 22 Apr 2022 18:24:55 GMT OPTIONS /api/apmnt-owner 204 0 - 0.345 ms
Fri, 22 Apr 2022 18:24:55 GMT GET /api/apmnt-owner 200 2684 - 9.403 ms
Fri, 22 Apr 2022 18:24:56 GMT GET /apartments/1650651289546fFTCNriNz4N0m.jpeg 200 52565 - 3.022 ms
Fri, 22 Apr 2022 18:24:56 GMT GET /apartments/16505674426868TrgbXOspgeik.jpeg 200 215498 - 4.090 ms
Fri, 22 Apr 2022 18:24:56 GMT GET /apartments/1650567433384DiBhxewzIzaOg.jpeg 200 215498 - 3.594 ms
Fri, 22 Apr 2022 18:24:56 GMT GET /apartments/1650567447126U3zJsNJ2iEoVb.jpeg 200 215498 - 3.251 ms
Fri, 22 Apr 2022 18:24:56 GMT GET /apartments/1650651681473iSfdHgYpoZTUt.jpg 200 455519 - 2.476 ms
Fri, 22 Apr 2022 18:24:57 GMT GET /apartments/1650651681473iSfdHgYpoZTUt.jpg 200 455519 - 1.362 ms
Fri, 22 Apr 2022 18:24:58 GMT OPTIONS /api/apmnt-owner 204 0 - 0.276 ms
Fri, 22 Apr 2022 18:24:58 GMT GET /api/apmnt-owner 200 2684 - 9.800 ms
Fri, 22 Apr 2022 18:24:58 GMT GET /apartments/1650567433384DiBhxewzIzaOg.jpeg 200 215498 - 1.727 ms
Fri, 22 Apr 2022 18:24:58 GMT GET /apartments/16505674426868TrgbXOspgeik.jpeg 200 215498 - 1.142 ms
Fri, 22 Apr 2022 18:24:58 GMT GET /apartments/1650567447126U3zJsNJ2iEoVb.jpeg 200 215498 - 1.130 ms
Fri, 22 Apr 2022 18:24:58 GMT GET /apartments/1650651289546fFTCNriNz4N0m.jpeg 200 52565 - 0.758 ms
Fri, 22 Apr 2022 18:24:58 GMT GET /apartments/1650651681473iSfdHgYpoZTUt.jpg 200 455519 - 0.774 ms
Fri, 22 Apr 2022 18:24:59 GMT GET /apartments/1650651289546fFTCNriNz4N0m.jpeg 200 52565 - 1.552 ms
Fri, 22 Apr 2022 18:25:01 GMT OPTIONS /api/apmnt-owner 204 0 - 0.373 ms
Fri, 22 Apr 2022 18:25:01 GMT GET /api/apmnt-owner 200 2684 - 9.209 ms
Fri, 22 Apr 2022 18:25:01 GMT GET /apartments/1650567433384DiBhxewzIzaOg.jpeg 200 215498 - 1.778 ms
Fri, 22 Apr 2022 18:25:01 GMT GET /apartments/16505674426868TrgbXOspgeik.jpeg 200 215498 - 1.099 ms
Fri, 22 Apr 2022 18:25:01 GMT GET /apartments/1650651289546fFTCNriNz4N0m.jpeg 200 52565 - 1.509 ms
Fri, 22 Apr 2022 18:25:01 GMT GET /apartments/1650567447126U3zJsNJ2iEoVb.jpeg 200 215498 - 3.412 ms
Fri, 22 Apr 2022 18:25:01 GMT GET /apartments/1650651681473iSfdHgYpoZTUt.jpg 200 455519 - 0.827 ms
Fri, 22 Apr 2022 18:25:03 GMT GET /apartments/1650651681473iSfdHgYpoZTUt.jpg 200 455519 - 1.447 ms
Fri, 22 Apr 2022 18:27:48 GMT GET /apartments/1650651681473iSfdHgYpoZTUt.jpg 200 455519 - 8.776 ms
Fri, 22 Apr 2022 18:27:52 GMT OPTIONS /api/apmnt-owner 204 0 - 1.711 ms
Fri, 22 Apr 2022 18:27:52 GMT GET /api/apmnt-owner 200 2684 - 29.541 ms
Fri, 22 Apr 2022 18:27:52 GMT GET /apartments/1650651681473iSfdHgYpoZTUt.jpg 200 455519 - 1.382 ms
Fri, 22 Apr 2022 18:27:52 GMT GET /apartments/1650567433384DiBhxewzIzaOg.jpeg 200 215498 - 1.764 ms
Fri, 22 Apr 2022 18:27:52 GMT GET /apartments/16505674426868TrgbXOspgeik.jpeg 200 215498 - 2.933 ms
Fri, 22 Apr 2022 18:27:52 GMT GET /apartments/1650567447126U3zJsNJ2iEoVb.jpeg 200 215498 - 1.406 ms
Fri, 22 Apr 2022 18:27:52 GMT GET /apartments/1650651289546fFTCNriNz4N0m.jpeg 200 52565 - 1.007 ms
Fri, 22 Apr 2022 18:28:13 GMT OPTIONS /api/apmnt 204 0 - 0.368 ms
Fri, 22 Apr 2022 18:28:13 GMT POST /api/apmnt 201 22 - 81.524 ms
Fri, 22 Apr 2022 18:28:13 GMT OPTIONS /api/apmnt-owner 204 0 - 0.396 ms
Fri, 22 Apr 2022 18:28:13 GMT GET /api/apmnt-owner 200 3195 - 5.838 ms
Fri, 22 Apr 2022 18:28:13 GMT GET /apartments/1650567433384DiBhxewzIzaOg.jpeg 200 215498 - 1.713 ms
Fri, 22 Apr 2022 18:28:13 GMT GET /apartments/16505674426868TrgbXOspgeik.jpeg 200 215498 - 1.781 ms
Fri, 22 Apr 2022 18:28:13 GMT GET /apartments/1650567447126U3zJsNJ2iEoVb.jpeg 200 215498 - 1.607 ms
Fri, 22 Apr 2022 18:28:13 GMT GET /apartments/1650651289546fFTCNriNz4N0m.jpeg 200 52565 - 1.032 ms
Fri, 22 Apr 2022 18:28:13 GMT GET /apartments/1650651681473iSfdHgYpoZTUt.jpg 200 455519 - 0.965 ms
Fri, 22 Apr 2022 18:28:13 GMT GET /apartments/1650652093335a2DUWZXm0oq6K.jpg 200 1999286 - 1.080 ms
Fri, 22 Apr 2022 18:28:18 GMT GET /apartments/1650652093335a2DUWZXm0oq6K.jpg 200 1999286 - 1.195 ms
Fri, 22 Apr 2022 18:47:38 GMT OPTIONS /api/apmnt 204 0 - 2.343 ms
Fri, 22 Apr 2022 18:47:38 GMT POST /api/apmnt 500 34 - 23.971 ms
Fri, 22 Apr 2022 18:48:16 GMT OPTIONS /api/apmnt 204 0 - 1.038 ms
Fri, 22 Apr 2022 18:48:16 GMT POST /api/apmnt 500 34 - 8.788 ms
Fri, 22 Apr 2022 18:49:43 GMT POST /api/login 200 434 - 21.117 ms
Fri, 22 Apr 2022 18:49:47 GMT POST /api/login 200 434 - 4.461 ms
Fri, 22 Apr 2022 18:50:21 GMT POST /api/login 200 434 - 23.531 ms
Fri, 22 Apr 2022 18:50:34 GMT POST /api/login 200 434 - 25.796 ms
Fri, 22 Apr 2022 18:50:51 GMT POST /api/login 200 434 - 23.097 ms
Fri, 22 Apr 2022 18:52:52 GMT GET /apartments/1650652093335a2DUWZXm0oq6K.jpg 200 1999286 - 1.744 ms
Fri, 22 Apr 2022 18:54:12 GMT GET /apartments/1650652093335a2DUWZXm0oq6K.jpg 200 1999286 - 2.134 ms
Fri, 22 Apr 2022 18:54:39 GMT GET /apartments/1650652093335a2DUWZXm0oq6K.jpg 200 1999286 - 3.047 ms
Fri, 22 Apr 2022 18:55:17 GMT POST /api/login 200 434 - 25.969 ms
Fri, 22 Apr 2022 18:55:40 GMT GET /apartments/1650652093335a2DUWZXm0oq6K.jpg 200 1999286 - 4.300 ms
Fri, 22 Apr 2022 18:58:07 GMT POST /api/login 200 434 - 100.378 ms
Fri, 22 Apr 2022 18:58:19 GMT POST /api/login   -  ms
Fri, 22 Apr 2022 18:58:38 GMT POST /api/login 500 26 - 96.940 ms
Fri, 22 Apr 2022 18:59:04 GMT POST /api/login 500 26 - 88.456 ms
Fri, 22 Apr 2022 18:59:28 GMT POST /api/login 500 26 - 100.011 ms
Fri, 22 Apr 2022 18:59:40 GMT POST /api/login 200 434 - 92.037 ms
Fri, 22 Apr 2022 19:00:00 GMT POST /api/login 500 26 - 104.365 ms
Fri, 22 Apr 2022 19:00:12 GMT POST /api/login 400 44 - 99.253 ms
Fri, 22 Apr 2022 19:00:34 GMT POST /api/login 400 44 - 100.122 ms
Fri, 22 Apr 2022 19:29:51 GMT OPTIONS /api/room 204 0 - 1.746 ms
Fri, 22 Apr 2022 19:29:51 GMT POST /api/room 500 28 - 41.897 ms
Fri, 22 Apr 2022 19:42:57 GMT OPTIONS /api/room 204 0 - 2.647 ms
Fri, 22 Apr 2022 19:42:57 GMT POST /api/room 400 29 - 46.283 ms
Fri, 22 Apr 2022 19:43:30 GMT OPTIONS /api/room 204 0 - 0.618 ms
Fri, 22 Apr 2022 19:43:30 GMT POST /api/room 201 22 - 29.467 ms
Fri, 22 Apr 2022 19:43:36 GMT GET /apartments/1650652093335a2DUWZXm0oq6K.jpg 200 1999286 - 5.053 ms
Fri, 22 Apr 2022 19:43:37 GMT OPTIONS /api/apmnt-owner 204 0 - 0.244 ms
Fri, 22 Apr 2022 19:43:37 GMT GET /api/apmnt-owner 200 3201 - 11.316 ms
Fri, 22 Apr 2022 19:43:37 GMT GET /apartments/1650652093335a2DUWZXm0oq6K.jpg 200 1999286 - 1.124 ms
Fri, 22 Apr 2022 19:43:37 GMT GET /apartments/1650567433384DiBhxewzIzaOg.jpeg 200 215498 - 0.850 ms
Fri, 22 Apr 2022 19:43:37 GMT GET /apartments/16505674426868TrgbXOspgeik.jpeg 200 215498 - 0.869 ms
Fri, 22 Apr 2022 19:43:37 GMT GET /apartments/1650567447126U3zJsNJ2iEoVb.jpeg 200 215498 - 0.672 ms
Fri, 22 Apr 2022 19:43:37 GMT GET /apartments/1650651289546fFTCNriNz4N0m.jpeg 200 52565 - 0.483 ms
Fri, 22 Apr 2022 19:43:37 GMT GET /apartments/1650651681473iSfdHgYpoZTUt.jpg 200 455519 - 0.600 ms
Fri, 22 Apr 2022 19:43:39 GMT GET /apartments/1650652093335a2DUWZXm0oq6K.jpg 200 1999286 - 1.819 ms
Fri, 22 Apr 2022 19:43:43 GMT OPTIONS /api/apmnt-owner 204 0 - 0.341 ms
Fri, 22 Apr 2022 19:43:43 GMT GET /api/apmnt-owner 200 3201 - 10.563 ms
Fri, 22 Apr 2022 19:43:43 GMT GET /apartments/1650567433384DiBhxewzIzaOg.jpeg 200 215498 - 2.090 ms
Fri, 22 Apr 2022 19:43:43 GMT GET /apartments/16505674426868TrgbXOspgeik.jpeg 200 215498 - 1.230 ms
Fri, 22 Apr 2022 19:43:43 GMT GET /apartments/1650567447126U3zJsNJ2iEoVb.jpeg 200 215498 - 0.559 ms
Fri, 22 Apr 2022 19:43:43 GMT GET /apartments/1650651289546fFTCNriNz4N0m.jpeg 200 52565 - 1.596 ms
Fri, 22 Apr 2022 19:43:43 GMT GET /apartments/1650651681473iSfdHgYpoZTUt.jpg 200 455519 - 1.389 ms
Fri, 22 Apr 2022 19:43:43 GMT GET /apartments/1650652093335a2DUWZXm0oq6K.jpg 200 1999286 - 0.720 ms
Fri, 22 Apr 2022 19:43:46 GMT GET /apartments/1650651681473iSfdHgYpoZTUt.jpg 200 455519 - 1.402 ms
Fri, 22 Apr 2022 19:43:47 GMT OPTIONS /api/apmnt-owner 204 0 - 0.419 ms
Fri, 22 Apr 2022 19:43:47 GMT GET /api/apmnt-owner 200 3201 - 12.595 ms
Fri, 22 Apr 2022 19:43:47 GMT GET /apartments/1650567433384DiBhxewzIzaOg.jpeg 200 215498 - 1.855 ms
Fri, 22 Apr 2022 19:43:47 GMT GET /apartments/16505674426868TrgbXOspgeik.jpeg 200 215498 - 1.212 ms
Fri, 22 Apr 2022 19:43:47 GMT GET /apartments/1650567447126U3zJsNJ2iEoVb.jpeg 200 215498 - 1.252 ms
Fri, 22 Apr 2022 19:43:47 GMT GET /apartments/1650651289546fFTCNriNz4N0m.jpeg 200 52565 - 1.285 ms
Fri, 22 Apr 2022 19:43:47 GMT GET /apartments/1650651681473iSfdHgYpoZTUt.jpg 200 455519 - 1.118 ms
Fri, 22 Apr 2022 19:43:47 GMT GET /apartments/1650652093335a2DUWZXm0oq6K.jpg 200 1999286 - 0.988 ms
Fri, 22 Apr 2022 19:43:48 GMT GET /apartments/16505674426868TrgbXOspgeik.jpeg 200 215498 - 1.585 ms
Fri, 22 Apr 2022 19:43:49 GMT OPTIONS /api/apmnt-owner 204 0 - 0.764 ms
Fri, 22 Apr 2022 19:43:49 GMT GET /api/apmnt-owner 200 3201 - 8.734 ms
Fri, 22 Apr 2022 19:43:49 GMT GET /apartments/1650567433384DiBhxewzIzaOg.jpeg 200 215498 - 1.278 ms
Fri, 22 Apr 2022 19:43:49 GMT GET /apartments/16505674426868TrgbXOspgeik.jpeg 200 215498 - 0.727 ms
Fri, 22 Apr 2022 19:43:49 GMT GET /apartments/1650567447126U3zJsNJ2iEoVb.jpeg 200 215498 - 0.661 ms
Fri, 22 Apr 2022 19:43:49 GMT GET /apartments/1650651289546fFTCNriNz4N0m.jpeg 200 52565 - 0.793 ms
Fri, 22 Apr 2022 19:43:49 GMT GET /apartments/1650651681473iSfdHgYpoZTUt.jpg 200 455519 - 1.305 ms
Fri, 22 Apr 2022 19:43:49 GMT GET /apartments/1650652093335a2DUWZXm0oq6K.jpg 200 1999286 - 0.968 ms
Fri, 22 Apr 2022 19:43:49 GMT GET /apartments/1650567433384DiBhxewzIzaOg.jpeg 200 215498 - 1.793 ms
Fri, 22 Apr 2022 19:43:51 GMT OPTIONS /api/apmnt-owner 204 0 - 0.427 ms
Fri, 22 Apr 2022 19:43:51 GMT GET /api/apmnt-owner 200 3201 - 10.582 ms
Fri, 22 Apr 2022 19:43:51 GMT GET /apartments/1650567433384DiBhxewzIzaOg.jpeg 200 215498 - 1.360 ms
Fri, 22 Apr 2022 19:43:51 GMT GET /apartments/1650651289546fFTCNriNz4N0m.jpeg 200 52565 - 1.059 ms
Fri, 22 Apr 2022 19:43:51 GMT GET /apartments/16505674426868TrgbXOspgeik.jpeg 200 215498 - 1.428 ms
Fri, 22 Apr 2022 19:43:51 GMT GET /apartments/1650567447126U3zJsNJ2iEoVb.jpeg 200 215498 - 1.243 ms
Fri, 22 Apr 2022 19:43:51 GMT GET /apartments/1650651681473iSfdHgYpoZTUt.jpg 200 455519 - 1.537 ms
Fri, 22 Apr 2022 19:43:51 GMT GET /apartments/1650652093335a2DUWZXm0oq6K.jpg 200 1999286 - 0.821 ms
Fri, 22 Apr 2022 19:43:51 GMT GET /apartments/16505674426868TrgbXOspgeik.jpeg 200 215498 - 1.452 ms
Fri, 22 Apr 2022 19:43:54 GMT OPTIONS /api/apmnt-owner 204 0 - 0.445 ms
Fri, 22 Apr 2022 19:43:54 GMT GET /api/apmnt-owner 200 3201 - 9.095 ms
Fri, 22 Apr 2022 19:43:54 GMT GET /apartments/1650567433384DiBhxewzIzaOg.jpeg 200 215498 - 0.909 ms
Fri, 22 Apr 2022 19:43:54 GMT GET /apartments/1650651289546fFTCNriNz4N0m.jpeg 200 52565 - 1.183 ms
Fri, 22 Apr 2022 19:43:54 GMT GET /apartments/16505674426868TrgbXOspgeik.jpeg 200 215498 - 1.350 ms
Fri, 22 Apr 2022 19:43:54 GMT GET /apartments/1650567447126U3zJsNJ2iEoVb.jpeg 200 215498 - 1.276 ms
Fri, 22 Apr 2022 19:43:54 GMT GET /apartments/1650651681473iSfdHgYpoZTUt.jpg 200 455519 - 0.669 ms
Fri, 22 Apr 2022 19:43:54 GMT GET /apartments/1650652093335a2DUWZXm0oq6K.jpg 200 1999286 - 0.751 ms
Fri, 22 Apr 2022 19:43:54 GMT GET /apartments/16505674426868TrgbXOspgeik.jpeg 200 215498 - 1.378 ms
Fri, 22 Apr 2022 19:43:55 GMT OPTIONS /api/apmnt-owner 204 0 - 0.420 ms
Fri, 22 Apr 2022 19:43:55 GMT GET /api/apmnt-owner 200 3201 - 9.472 ms
Fri, 22 Apr 2022 19:43:56 GMT GET /apartments/1650567433384DiBhxewzIzaOg.jpeg 200 215498 - 2.813 ms
Fri, 22 Apr 2022 19:43:56 GMT GET /apartments/16505674426868TrgbXOspgeik.jpeg 200 215498 - 1.289 ms
Fri, 22 Apr 2022 19:43:56 GMT GET /apartments/1650567447126U3zJsNJ2iEoVb.jpeg 200 215498 - 0.851 ms
Fri, 22 Apr 2022 19:43:56 GMT GET /apartments/1650651289546fFTCNriNz4N0m.jpeg 200 52565 - 0.539 ms
Fri, 22 Apr 2022 19:43:56 GMT GET /apartments/1650651681473iSfdHgYpoZTUt.jpg 200 455519 - 0.426 ms
Fri, 22 Apr 2022 19:43:56 GMT GET /apartments/1650652093335a2DUWZXm0oq6K.jpg 200 1999286 - 0.820 ms
Fri, 22 Apr 2022 19:43:57 GMT GET /apartments/1650651681473iSfdHgYpoZTUt.jpg 200 455519 - 1.396 ms
Fri, 22 Apr 2022 19:43:58 GMT OPTIONS /api/apmnt-owner 204 0 - 0.452 ms
Fri, 22 Apr 2022 19:43:58 GMT GET /api/apmnt-owner 200 3201 - 11.034 ms
Fri, 22 Apr 2022 19:43:58 GMT GET /apartments/1650567433384DiBhxewzIzaOg.jpeg 200 215498 - 1.471 ms
Fri, 22 Apr 2022 19:43:58 GMT GET /apartments/16505674426868TrgbXOspgeik.jpeg 200 215498 - 0.996 ms
Fri, 22 Apr 2022 19:43:58 GMT GET /apartments/1650651289546fFTCNriNz4N0m.jpeg 200 52565 - 0.879 ms
Fri, 22 Apr 2022 19:43:58 GMT GET /apartments/1650567447126U3zJsNJ2iEoVb.jpeg 200 215498 - 1.007 ms
Fri, 22 Apr 2022 19:43:58 GMT GET /apartments/1650651681473iSfdHgYpoZTUt.jpg 200 455519 - 0.510 ms
Fri, 22 Apr 2022 19:43:58 GMT GET /apartments/1650652093335a2DUWZXm0oq6K.jpg 200 1999286 - 0.407 ms
Fri, 22 Apr 2022 19:44:04 GMT OPTIONS /api/apmnt-owner 204 0 - 0.431 ms
Fri, 22 Apr 2022 19:44:04 GMT GET /api/apmnt-owner 200 3201 - 10.574 ms
Fri, 22 Apr 2022 19:44:04 GMT GET /apartments/1650567433384DiBhxewzIzaOg.jpeg 200 215498 - 1.430 ms
Fri, 22 Apr 2022 19:44:04 GMT GET /apartments/16505674426868TrgbXOspgeik.jpeg 200 215498 - 1.346 ms
Fri, 22 Apr 2022 19:44:04 GMT GET /apartments/1650567447126U3zJsNJ2iEoVb.jpeg 200 215498 - 0.793 ms
Fri, 22 Apr 2022 19:44:04 GMT GET /apartments/1650651289546fFTCNriNz4N0m.jpeg 200 52565 - 0.677 ms
Fri, 22 Apr 2022 19:44:04 GMT GET /apartments/1650651681473iSfdHgYpoZTUt.jpg 200 455519 - 0.792 ms
Fri, 22 Apr 2022 19:44:04 GMT GET /apartments/1650652093335a2DUWZXm0oq6K.jpg 200 1999286 - 1.079 ms
Fri, 22 Apr 2022 19:44:06 GMT GET /apartments/1650652093335a2DUWZXm0oq6K.jpg 200 1999286 - 1.428 ms
Fri, 22 Apr 2022 19:44:07 GMT OPTIONS /api/apmnt-owner 204 0 - 0.421 ms
Fri, 22 Apr 2022 19:44:07 GMT GET /api/apmnt-owner 200 3201 - 9.103 ms
Fri, 22 Apr 2022 19:44:07 GMT GET /apartments/1650567433384DiBhxewzIzaOg.jpeg 200 215498 - 1.695 ms
Fri, 22 Apr 2022 19:44:07 GMT GET /apartments/16505674426868TrgbXOspgeik.jpeg 200 215498 - 0.573 ms
Fri, 22 Apr 2022 19:44:07 GMT GET /apartments/1650651289546fFTCNriNz4N0m.jpeg 200 52565 - 0.640 ms
Fri, 22 Apr 2022 19:44:07 GMT GET /apartments/1650567447126U3zJsNJ2iEoVb.jpeg 200 215498 - 0.724 ms
Fri, 22 Apr 2022 19:44:07 GMT GET /apartments/1650651681473iSfdHgYpoZTUt.jpg 200 455519 - 0.393 ms
Fri, 22 Apr 2022 19:44:07 GMT GET /apartments/1650652093335a2DUWZXm0oq6K.jpg 200 1999286 - 0.884 ms
Fri, 22 Apr 2022 19:44:08 GMT GET /apartments/16505674426868TrgbXOspgeik.jpeg 200 215498 - 1.573 ms
Fri, 22 Apr 2022 19:44:09 GMT OPTIONS /api/apmnt-owner 204 0 - 0.403 ms
Fri, 22 Apr 2022 19:44:09 GMT GET /api/apmnt-owner 200 3201 - 8.463 ms
Fri, 22 Apr 2022 19:44:09 GMT GET /apartments/1650567433384DiBhxewzIzaOg.jpeg 200 215498 - 1.131 ms
Fri, 22 Apr 2022 19:44:09 GMT GET /apartments/16505674426868TrgbXOspgeik.jpeg 200 215498 - 0.736 ms
Fri, 22 Apr 2022 19:44:09 GMT GET /apartments/1650567447126U3zJsNJ2iEoVb.jpeg 200 215498 - 0.528 ms
Fri, 22 Apr 2022 19:44:09 GMT GET /apartments/1650651289546fFTCNriNz4N0m.jpeg 200 52565 - 2.045 ms
Fri, 22 Apr 2022 19:44:09 GMT GET /apartments/1650651681473iSfdHgYpoZTUt.jpg 200 455519 - 1.973 ms
Fri, 22 Apr 2022 19:44:09 GMT GET /apartments/1650652093335a2DUWZXm0oq6K.jpg 200 1999286 - 1.701 ms
Fri, 22 Apr 2022 19:44:10 GMT GET /apartments/1650652093335a2DUWZXm0oq6K.jpg 200 1999286 - 1.123 ms
Fri, 22 Apr 2022 19:44:11 GMT OPTIONS /api/apmnt-owner 204 0 - 0.395 ms
Fri, 22 Apr 2022 19:44:11 GMT GET /api/apmnt-owner 200 3201 - 9.863 ms
Fri, 22 Apr 2022 19:44:12 GMT GET /apartments/1650567433384DiBhxewzIzaOg.jpeg 200 215498 - 1.351 ms
Fri, 22 Apr 2022 19:44:12 GMT GET /apartments/16505674426868TrgbXOspgeik.jpeg 200 215498 - 0.658 ms
Fri, 22 Apr 2022 19:44:12 GMT GET /apartments/1650651289546fFTCNriNz4N0m.jpeg 200 52565 - 1.001 ms
Fri, 22 Apr 2022 19:44:12 GMT GET /apartments/1650567447126U3zJsNJ2iEoVb.jpeg 200 215498 - 1.206 ms
Fri, 22 Apr 2022 19:44:12 GMT GET /apartments/1650651681473iSfdHgYpoZTUt.jpg 200 455519 - 0.778 ms
Fri, 22 Apr 2022 19:44:12 GMT GET /apartments/1650652093335a2DUWZXm0oq6K.jpg 200 1999286 - 0.491 ms
Fri, 22 Apr 2022 19:44:13 GMT GET /apartments/1650567433384DiBhxewzIzaOg.jpeg 200 215498 - 3.258 ms
Fri, 22 Apr 2022 19:44:13 GMT OPTIONS /api/apmnt-owner 204 0 - 0.432 ms
Fri, 22 Apr 2022 19:44:14 GMT GET /api/apmnt-owner 200 3201 - 10.502 ms
Fri, 22 Apr 2022 19:44:14 GMT GET /apartments/1650567433384DiBhxewzIzaOg.jpeg 200 215498 - 1.988 ms
Fri, 22 Apr 2022 19:44:14 GMT GET /apartments/16505674426868TrgbXOspgeik.jpeg 200 215498 - 1.700 ms
Fri, 22 Apr 2022 19:44:14 GMT GET /apartments/1650567447126U3zJsNJ2iEoVb.jpeg 200 215498 - 0.667 ms
Fri, 22 Apr 2022 19:44:14 GMT GET /apartments/1650651289546fFTCNriNz4N0m.jpeg 200 52565 - 0.705 ms
Fri, 22 Apr 2022 19:44:14 GMT GET /apartments/1650651681473iSfdHgYpoZTUt.jpg 200 455519 - 0.514 ms
Fri, 22 Apr 2022 19:44:14 GMT GET /apartments/1650652093335a2DUWZXm0oq6K.jpg 200 1999286 - 1.120 ms
Fri, 22 Apr 2022 19:44:14 GMT GET /apartments/16505674426868TrgbXOspgeik.jpeg 200 215498 - 1.593 ms
Fri, 22 Apr 2022 19:44:16 GMT OPTIONS /api/apmnt-owner 204 0 - 0.429 ms
Fri, 22 Apr 2022 19:44:16 GMT GET /api/apmnt-owner 200 3201 - 7.422 ms
Fri, 22 Apr 2022 19:44:16 GMT GET /apartments/1650651289546fFTCNriNz4N0m.jpeg 200 52565 - 1.169 ms
Fri, 22 Apr 2022 19:44:16 GMT GET /apartments/1650567433384DiBhxewzIzaOg.jpeg 200 215498 - 1.709 ms
Fri, 22 Apr 2022 19:44:16 GMT GET /apartments/16505674426868TrgbXOspgeik.jpeg 200 215498 - 1.465 ms
Fri, 22 Apr 2022 19:44:16 GMT GET /apartments/1650567447126U3zJsNJ2iEoVb.jpeg 200 215498 - 1.318 ms
Fri, 22 Apr 2022 19:44:16 GMT GET /apartments/1650651681473iSfdHgYpoZTUt.jpg 200 455519 - 1.478 ms
Fri, 22 Apr 2022 19:44:16 GMT GET /apartments/1650652093335a2DUWZXm0oq6K.jpg 200 1999286 - 1.376 ms
Fri, 22 Apr 2022 19:44:17 GMT GET /apartments/1650651289546fFTCNriNz4N0m.jpeg 200 52565 - 1.408 ms
Fri, 22 Apr 2022 19:44:18 GMT OPTIONS /api/apmnt-owner 204 0 - 0.378 ms
Fri, 22 Apr 2022 19:44:18 GMT GET /api/apmnt-owner 200 3201 - 8.115 ms
Fri, 22 Apr 2022 19:44:18 GMT GET /apartments/1650567433384DiBhxewzIzaOg.jpeg 200 215498 - 1.760 ms
Fri, 22 Apr 2022 19:44:18 GMT GET /apartments/16505674426868TrgbXOspgeik.jpeg 200 215498 - 1.315 ms
Fri, 22 Apr 2022 19:44:18 GMT GET /apartments/1650567447126U3zJsNJ2iEoVb.jpeg 200 215498 - 1.090 ms
Fri, 22 Apr 2022 19:44:18 GMT GET /apartments/1650651289546fFTCNriNz4N0m.jpeg 200 52565 - 0.665 ms
Fri, 22 Apr 2022 19:44:18 GMT GET /apartments/1650651681473iSfdHgYpoZTUt.jpg 200 455519 - 0.649 ms
Fri, 22 Apr 2022 19:44:18 GMT GET /apartments/1650652093335a2DUWZXm0oq6K.jpg 200 1999286 - 0.557 ms
Fri, 22 Apr 2022 19:44:19 GMT GET /apartments/16505674426868TrgbXOspgeik.jpeg 200 215498 - 1.648 ms
Fri, 22 Apr 2022 19:44:20 GMT OPTIONS /api/apmnt-owner 204 0 - 0.385 ms
Fri, 22 Apr 2022 19:44:20 GMT GET /api/apmnt-owner 200 3201 - 8.240 ms
Fri, 22 Apr 2022 19:44:20 GMT GET /apartments/1650567433384DiBhxewzIzaOg.jpeg 200 215498 - 1.217 ms
Fri, 22 Apr 2022 19:44:20 GMT GET /apartments/16505674426868TrgbXOspgeik.jpeg 200 215498 - 0.688 ms
Fri, 22 Apr 2022 19:44:20 GMT GET /apartments/1650567447126U3zJsNJ2iEoVb.jpeg 200 215498 - 0.752 ms
Fri, 22 Apr 2022 19:44:20 GMT GET /apartments/1650651289546fFTCNriNz4N0m.jpeg 200 52565 - 0.592 ms
Fri, 22 Apr 2022 19:44:20 GMT GET /apartments/1650651681473iSfdHgYpoZTUt.jpg 200 455519 - 0.622 ms
Fri, 22 Apr 2022 19:44:20 GMT GET /apartments/1650652093335a2DUWZXm0oq6K.jpg 200 1999286 - 0.531 ms
Fri, 22 Apr 2022 19:44:21 GMT GET /apartments/1650652093335a2DUWZXm0oq6K.jpg 200 1999286 - 1.452 ms
Fri, 22 Apr 2022 19:44:24 GMT OPTIONS /api/apmnt-owner 204 0 - 0.394 ms
Fri, 22 Apr 2022 19:44:24 GMT GET /api/apmnt-owner 200 3201 - 7.603 ms
Fri, 22 Apr 2022 19:44:25 GMT GET /apartments/16505674426868TrgbXOspgeik.jpeg 200 215498 - 1.108 ms
Fri, 22 Apr 2022 19:44:25 GMT GET /apartments/1650567433384DiBhxewzIzaOg.jpeg 200 215498 - 1.285 ms
Fri, 22 Apr 2022 19:44:25 GMT GET /apartments/1650567447126U3zJsNJ2iEoVb.jpeg 200 215498 - 1.774 ms
Fri, 22 Apr 2022 19:44:25 GMT GET /apartments/1650651289546fFTCNriNz4N0m.jpeg 200 52565 - 0.577 ms
Fri, 22 Apr 2022 19:44:25 GMT GET /apartments/1650651681473iSfdHgYpoZTUt.jpg 200 455519 - 0.824 ms
Fri, 22 Apr 2022 19:44:25 GMT GET /apartments/1650652093335a2DUWZXm0oq6K.jpg 200 1999286 - 0.983 ms
Fri, 22 Apr 2022 19:44:26 GMT GET /apartments/1650567433384DiBhxewzIzaOg.jpeg 200 215498 - 1.910 ms
Fri, 22 Apr 2022 19:44:27 GMT OPTIONS /api/apmnt-owner 204 0 - 0.377 ms
Fri, 22 Apr 2022 19:44:27 GMT GET /api/apmnt-owner 200 3201 - 9.367 ms
Fri, 22 Apr 2022 19:44:27 GMT GET /apartments/1650567433384DiBhxewzIzaOg.jpeg 200 215498 - 1.799 ms
Fri, 22 Apr 2022 19:44:27 GMT GET /apartments/16505674426868TrgbXOspgeik.jpeg 200 215498 - 1.570 ms
Fri, 22 Apr 2022 19:44:27 GMT GET /apartments/1650567447126U3zJsNJ2iEoVb.jpeg 200 215498 - 1.419 ms
Fri, 22 Apr 2022 19:44:27 GMT GET /apartments/1650651289546fFTCNriNz4N0m.jpeg 200 52565 - 1.508 ms
Fri, 22 Apr 2022 19:44:27 GMT GET /apartments/1650651681473iSfdHgYpoZTUt.jpg 200 455519 - 1.425 ms
Fri, 22 Apr 2022 19:44:27 GMT GET /apartments/1650652093335a2DUWZXm0oq6K.jpg 200 1999286 - 1.150 ms
Fri, 22 Apr 2022 19:44:28 GMT GET /apartments/1650567433384DiBhxewzIzaOg.jpeg 200 215498 - 1.371 ms
Fri, 22 Apr 2022 19:45:53 GMT OPTIONS /api/room 204 0 - 0.235 ms
Fri, 22 Apr 2022 19:45:53 GMT POST /api/room 201 22 - 33.079 ms
Fri, 22 Apr 2022 19:46:00 GMT OPTIONS /api/apmnt-owner 204 0 - 0.361 ms
Fri, 22 Apr 2022 19:46:00 GMT GET /api/apmnt-owner 200 3201 - 7.819 ms
Fri, 22 Apr 2022 19:46:01 GMT GET /apartments/1650651289546fFTCNriNz4N0m.jpeg 200 52565 - 2.873 ms
Fri, 22 Apr 2022 19:46:01 GMT GET /apartments/1650567433384DiBhxewzIzaOg.jpeg 200 215498 - 4.837 ms
Fri, 22 Apr 2022 19:46:01 GMT GET /apartments/1650567447126U3zJsNJ2iEoVb.jpeg 200 215498 - 4.415 ms
Fri, 22 Apr 2022 19:46:01 GMT GET /apartments/16505674426868TrgbXOspgeik.jpeg 200 215498 - 4.397 ms
Fri, 22 Apr 2022 19:46:01 GMT GET /apartments/1650651681473iSfdHgYpoZTUt.jpg 200 455519 - 3.034 ms
Fri, 22 Apr 2022 19:46:01 GMT GET /apartments/1650652093335a2DUWZXm0oq6K.jpg 200 1999286 - 2.937 ms
Fri, 22 Apr 2022 19:46:02 GMT GET /apartments/1650567433384DiBhxewzIzaOg.jpeg 200 215498 - 1.432 ms
Fri, 22 Apr 2022 19:48:06 GMT OPTIONS /api/apmnt-owner 204 0 - 2.357 ms
Fri, 22 Apr 2022 19:48:06 GMT GET /api/apmnt-owner 200 3201 - 26.368 ms
Fri, 22 Apr 2022 19:48:06 GMT GET /apartments/1650651289546fFTCNriNz4N0m.jpeg 200 52565 - 6.744 ms
Fri, 22 Apr 2022 19:48:06 GMT GET /apartments/16505674426868TrgbXOspgeik.jpeg 200 215498 - 8.268 ms
Fri, 22 Apr 2022 19:48:06 GMT GET /apartments/1650567433384DiBhxewzIzaOg.jpeg 200 215498 - 7.266 ms
Fri, 22 Apr 2022 19:48:06 GMT GET /apartments/1650567447126U3zJsNJ2iEoVb.jpeg 200 215498 - 6.969 ms
Fri, 22 Apr 2022 19:48:06 GMT GET /apartments/1650651681473iSfdHgYpoZTUt.jpg 200 455519 - 7.106 ms
Fri, 22 Apr 2022 19:48:07 GMT GET /apartments/1650652093335a2DUWZXm0oq6K.jpg 200 1999286 - 6.821 ms
Fri, 22 Apr 2022 19:48:34 GMT OPTIONS /api/apmnt-owner 204 0 - 0.121 ms
Fri, 22 Apr 2022 19:48:34 GMT GET /api/apmnt-owner 200 3201 - 4.193 ms
Fri, 22 Apr 2022 19:50:31 GMT OPTIONS /api/login 204 0 - 1.543 ms
Fri, 22 Apr 2022 19:50:31 GMT POST /api/login 400 44 - 104.425 ms
Fri, 22 Apr 2022 19:50:35 GMT OPTIONS /api/login 204 0 - 0.736 ms
Fri, 22 Apr 2022 19:50:35 GMT POST /api/login 200 413 - 99.512 ms
Fri, 22 Apr 2022 19:50:35 GMT OPTIONS /api/apmnt-all 204 0 - 0.109 ms
Fri, 22 Apr 2022 19:50:36 GMT GET /api/apmnt-all 200 19638 - 37.104 ms
Fri, 22 Apr 2022 19:50:36 GMT GET /apartments/1650567433384DiBhxewzIzaOg.jpeg 200 215498 - 7.387 ms
Fri, 22 Apr 2022 19:50:36 GMT GET /apartments/16505674426868TrgbXOspgeik.jpeg 200 215498 - 7.015 ms
Fri, 22 Apr 2022 19:50:36 GMT GET /apartments/1650567447126U3zJsNJ2iEoVb.jpeg 200 215498 - 6.619 ms
Fri, 22 Apr 2022 19:50:36 GMT GET /apartments/1650471925549DyKL9Nb2q6Awy.jpeg 200 215498 - 8.395 ms
Fri, 22 Apr 2022 19:50:36 GMT GET /apartments/1650471959970nY5eJfjGZUqD1.jpeg 200 215498 - 7.978 ms
Fri, 22 Apr 2022 19:50:36 GMT GET /apartments/1650652093335a2DUWZXm0oq6K.jpg 200 1999286 - 8.271 ms
Fri, 22 Apr 2022 19:50:39 GMT GET /apartments/1650567433384DiBhxewzIzaOg.jpeg 200 215498 - 0.650 ms
Fri, 22 Apr 2022 19:50:42 GMT GET /rooms/16505675524276O1H2omGFMKoK.jpeg 200 215498 - 1.604 ms
Fri, 22 Apr 2022 19:50:42 GMT GET /rooms/1650567552429vosA8UnpSFNx2.jpeg 200 32898 - 0.939 ms
Fri, 22 Apr 2022 19:50:42 GMT GET /rooms/1650567552430EUwMBqp8Ix3m8.jpeg 200 94493 - 0.769 ms
Fri, 22 Apr 2022 19:50:42 GMT GET /rooms/1650567552434JchIp4JzBeO2M.jpeg 200 87949 - 0.867 ms
Fri, 22 Apr 2022 19:50:43 GMT GET /rooms/1650567559346ZnDnuecrfCjob.jpeg 200 32898 - 1.573 ms
Fri, 22 Apr 2022 19:50:43 GMT GET /rooms/1650567559347wtn95r7FRII0T.jpeg 200 94493 - 1.445 ms
Fri, 22 Apr 2022 19:50:43 GMT GET /rooms/1650567559347IpnMzX4QD7vwT.jpeg 200 87949 - 1.285 ms
Fri, 22 Apr 2022 19:50:43 GMT GET /rooms/1650567559344IdumoNlT8vgiW.jpeg 200 215498 - 1.814 ms
Fri, 22 Apr 2022 19:50:43 GMT GET /rooms/1650567564354KtdSHdfl1Wy0E.jpeg 200 32898 - 1.328 ms
Fri, 22 Apr 2022 19:50:43 GMT GET /rooms/1650567564356i6SLGQPXpUBey.jpeg 200 87949 - 0.784 ms
Fri, 22 Apr 2022 19:50:43 GMT GET /rooms/1650567564347IBEA9i9OaCoCP.jpeg 200 215498 - 1.426 ms
Fri, 22 Apr 2022 19:50:43 GMT GET /rooms/1650567564355xmDcmQgaAzUkL.jpeg 200 94493 - 0.735 ms
Fri, 22 Apr 2022 19:50:44 GMT OPTIONS /api/apmnt-all 204 0 - 0.111 ms
Fri, 22 Apr 2022 19:50:44 GMT GET /api/apmnt-all 200 19638 - 19.686 ms
Fri, 22 Apr 2022 19:50:45 GMT GET /apartments/1650471925549DyKL9Nb2q6Awy.jpeg 200 215498 - 0.276 ms
Fri, 22 Apr 2022 19:50:45 GMT GET /apartments/1650471959970nY5eJfjGZUqD1.jpeg 200 215498 - 0.349 ms
Fri, 22 Apr 2022 19:50:45 GMT GET /apartments/1650567433384DiBhxewzIzaOg.jpeg 200 215498 - 0.443 ms
Fri, 22 Apr 2022 19:50:45 GMT GET /apartments/1650652093335a2DUWZXm0oq6K.jpg 200 1999286 - 0.377 ms
Fri, 22 Apr 2022 19:50:45 GMT GET /apartments/16505674426868TrgbXOspgeik.jpeg 200 215498 - 0.277 ms
Fri, 22 Apr 2022 19:50:45 GMT GET /apartments/1650567447126U3zJsNJ2iEoVb.jpeg 200 215498 - 0.289 ms
Fri, 22 Apr 2022 19:50:46 GMT GET /apartments/1650567447126U3zJsNJ2iEoVb.jpeg 200 215498 - 0.439 ms
Fri, 22 Apr 2022 19:50:46 GMT GET /rooms/16505676025629vLtfW9JrlkB2.jpeg 200 32898 - 1.032 ms
Fri, 22 Apr 2022 19:50:46 GMT GET /rooms/16505676025602QXhet7W8aPIj.jpeg 200 215498 - 1.624 ms
Fri, 22 Apr 2022 19:50:46 GMT GET /rooms/16505676025624UDIsxzIo644y.jpeg 200 94493 - 0.983 ms
Fri, 22 Apr 2022 19:50:46 GMT GET /rooms/1650567602563mo0oHUPaJEbJI.jpeg 200 87949 - 1.002 ms
Fri, 22 Apr 2022 19:50:47 GMT GET /rooms/1650567605846tz1sA4skhFIrS.jpeg 200 32898 - 1.710 ms
Fri, 22 Apr 2022 19:50:47 GMT GET /rooms/1650567605846RhvXdx2aLsunQ.jpeg 200 87949 - 0.703 ms
Fri, 22 Apr 2022 19:50:47 GMT GET /rooms/1650567605846fIQ6Ph8rGPmeF.jpeg 200 94493 - 0.916 ms
Fri, 22 Apr 2022 19:50:47 GMT GET /rooms/1650567605844lC3VU7uJ99TUc.jpeg 200 215498 - 1.771 ms
Fri, 22 Apr 2022 19:50:48 GMT GET /rooms/16505676134805ronMoMBY6QOG.jpeg 200 32898 - 1.627 ms
Fri, 22 Apr 2022 19:50:48 GMT GET /rooms/1650567613481cpZDfEd9v40eZ.jpeg 200 94493 - 1.004 ms
Fri, 22 Apr 2022 19:50:48 GMT GET /rooms/1650567613483w6XI1Na0xLyVE.jpeg 200 87949 - 1.320 ms
Fri, 22 Apr 2022 19:50:48 GMT GET /rooms/1650567613479orcWnsgLH6wGn.jpeg 200 215498 - 2.023 ms
Fri, 22 Apr 2022 19:50:48 GMT GET /rooms/1650567619302slFzBrlCVZNCC.jpeg 200 32898 - 1.924 ms
Fri, 22 Apr 2022 19:50:48 GMT GET /rooms/16505676193032ISqblcN9uglA.jpeg 200 94493 - 2.307 ms
Fri, 22 Apr 2022 19:50:48 GMT GET /rooms/1650567619304V2uUMSHpj5HCv.jpeg 200 87949 - 1.969 ms
Fri, 22 Apr 2022 19:50:48 GMT GET /rooms/16505676192929TNyHm8xGOmMz.jpeg 200 215498 - 3.455 ms
Fri, 22 Apr 2022 19:50:49 GMT OPTIONS /api/apmnt-all 204 0 - 0.134 ms
Fri, 22 Apr 2022 19:50:49 GMT GET /api/apmnt-all 200 19638 - 21.561 ms
Fri, 22 Apr 2022 19:50:49 GMT GET /apartments/1650567447126U3zJsNJ2iEoVb.jpeg 200 215498 - 0.611 ms
Fri, 22 Apr 2022 19:50:49 GMT GET /apartments/1650652093335a2DUWZXm0oq6K.jpg 200 1999286 - 0.371 ms
Fri, 22 Apr 2022 19:50:49 GMT GET /apartments/1650471925549DyKL9Nb2q6Awy.jpeg 200 215498 - 0.765 ms
Fri, 22 Apr 2022 19:50:49 GMT GET /apartments/1650471959970nY5eJfjGZUqD1.jpeg 200 215498 - 0.644 ms
Fri, 22 Apr 2022 19:50:49 GMT GET /apartments/1650567433384DiBhxewzIzaOg.jpeg 200 215498 - 1.071 ms
Fri, 22 Apr 2022 19:50:49 GMT GET /apartments/16505674426868TrgbXOspgeik.jpeg 200 215498 - 0.431 ms
Fri, 22 Apr 2022 19:50:50 GMT GET /apartments/16505674426868TrgbXOspgeik.jpeg 200 215498 - 0.395 ms
Fri, 22 Apr 2022 19:50:50 GMT GET /rooms/1650567584602N647RWskfqIZw.jpeg 200 32898 - 1.529 ms
Fri, 22 Apr 2022 19:50:50 GMT GET /rooms/1650567584603YrjkC73FNNNqq.jpeg 200 87949 - 1.512 ms
Fri, 22 Apr 2022 19:50:50 GMT GET /rooms/1650567584602LLAy2shASefq9.jpeg 200 94493 - 1.613 ms
Fri, 22 Apr 2022 19:50:50 GMT GET /rooms/16505675845996WG5nBuZU2sdt.jpeg 200 215498 - 1.313 ms
Fri, 22 Apr 2022 19:50:52 GMT GET /rooms/1650567588810x0EzxjIvd2lo7.jpeg   -  ms
Fri, 22 Apr 2022 19:50:52 GMT GET /rooms/1650567588811uuSnxzMPqn5y2.jpeg 200 87949 - 6.268 ms
Fri, 22 Apr 2022 19:50:52 GMT GET /rooms/1650567588810vyEtBeQ9PPVeh.jpeg 200 94493 - 6.831 ms
Fri, 22 Apr 2022 19:50:52 GMT GET /rooms/1650567588809uJh8pmHCNOltn.jpeg 200 215498 - 6.400 ms
Fri, 22 Apr 2022 19:50:52 GMT GET /rooms/1650567592453VFQxdje5ND7Qx.jpeg 200 215498 - 2.494 ms
Fri, 22 Apr 2022 19:50:52 GMT GET /rooms/16505675845996WG5nBuZU2sdt.jpeg 200 215498 - 1.179 ms
Fri, 22 Apr 2022 19:50:52 GMT GET /rooms/1650567584602LLAy2shASefq9.jpeg 200 94493 - 0.794 ms
Fri, 22 Apr 2022 19:50:52 GMT GET /rooms/1650567584603YrjkC73FNNNqq.jpeg 200 87949 - 0.568 ms
Fri, 22 Apr 2022 19:50:52 GMT GET /rooms/16505675924556PnCSAEU3H8nE.jpeg   -  ms
Fri, 22 Apr 2022 19:50:52 GMT GET /rooms/1650567592456DDdrS77HDueIg.jpeg 200 94493 - 1.325 ms
Fri, 22 Apr 2022 19:50:52 GMT GET /rooms/1650567592457CRxdcaZc7xZS1.jpeg 200 87949 - 1.899 ms
Fri, 22 Apr 2022 19:50:52 GMT GET /rooms/1650567584602N647RWskfqIZw.jpeg 200 32898 - 1.474 ms
Fri, 22 Apr 2022 19:50:55 GMT OPTIONS /api/apmnt-all 204 0 - 0.545 ms
Fri, 22 Apr 2022 19:50:55 GMT GET /api/apmnt-all 200 19638 - 52.014 ms
Fri, 22 Apr 2022 19:50:55 GMT GET /apartments/16505674426868TrgbXOspgeik.jpeg 200 215498 - 0.693 ms
Fri, 22 Apr 2022 19:50:55 GMT GET /apartments/1650471925549DyKL9Nb2q6Awy.jpeg 200 215498 - 0.939 ms
Fri, 22 Apr 2022 19:50:55 GMT GET /apartments/1650471959970nY5eJfjGZUqD1.jpeg 200 215498 - 0.893 ms
Fri, 22 Apr 2022 19:50:55 GMT GET /apartments/1650567433384DiBhxewzIzaOg.jpeg 200 215498 - 0.612 ms
Fri, 22 Apr 2022 19:50:55 GMT GET /apartments/1650567447126U3zJsNJ2iEoVb.jpeg 200 215498 - 0.462 ms
Fri, 22 Apr 2022 19:50:55 GMT GET /apartments/1650652093335a2DUWZXm0oq6K.jpg 200 1999286 - 1.063 ms
Fri, 22 Apr 2022 19:50:56 GMT GET /apartments/1650652093335a2DUWZXm0oq6K.jpg 200 1999286 - 0.659 ms
Fri, 22 Apr 2022 19:51:05 GMT OPTIONS /api/apmnt-all 204 0 - 2.419 ms
Fri, 22 Apr 2022 19:51:06 GMT GET /api/apmnt-all 200 19638 - 54.800 ms
Fri, 22 Apr 2022 19:51:06 GMT GET /apartments/1650471925549DyKL9Nb2q6Awy.jpeg 200 215498 - 5.623 ms
Fri, 22 Apr 2022 19:51:06 GMT GET /apartments/1650471959970nY5eJfjGZUqD1.jpeg 200 215498 - 5.277 ms
Fri, 22 Apr 2022 19:51:06 GMT GET /apartments/1650567433384DiBhxewzIzaOg.jpeg 200 215498 - 5.273 ms
Fri, 22 Apr 2022 19:51:06 GMT GET /apartments/1650567447126U3zJsNJ2iEoVb.jpeg 200 215498 - 5.011 ms
Fri, 22 Apr 2022 19:51:06 GMT GET /apartments/16505674426868TrgbXOspgeik.jpeg 200 215498 - 4.876 ms
Fri, 22 Apr 2022 19:51:06 GMT GET /apartments/1650652093335a2DUWZXm0oq6K.jpg 200 1999286 - 6.294 ms
Fri, 22 Apr 2022 19:51:07 GMT GET /apartments/1650652093335a2DUWZXm0oq6K.jpg 200 1999286 - 1.897 ms
Fri, 22 Apr 2022 19:51:08 GMT OPTIONS /api/apmnt-all 204 0 - 0.603 ms
Fri, 22 Apr 2022 19:51:09 GMT GET /api/apmnt-all 200 19638 - 35.470 ms
Fri, 22 Apr 2022 19:51:09 GMT GET /apartments/1650471925549DyKL9Nb2q6Awy.jpeg 200 215498 - 2.281 ms
Fri, 22 Apr 2022 19:51:09 GMT GET /apartments/1650471959970nY5eJfjGZUqD1.jpeg 200 215498 - 2.054 ms
Fri, 22 Apr 2022 19:51:09 GMT GET /apartments/1650567433384DiBhxewzIzaOg.jpeg 200 215498 - 1.505 ms
Fri, 22 Apr 2022 19:51:09 GMT GET /apartments/16505674426868TrgbXOspgeik.jpeg 200 215498 - 1.398 ms
Fri, 22 Apr 2022 19:51:09 GMT GET /apartments/1650567447126U3zJsNJ2iEoVb.jpeg 200 215498 - 0.578 ms
Fri, 22 Apr 2022 19:51:09 GMT GET /apartments/1650652093335a2DUWZXm0oq6K.jpg 200 1999286 - 2.629 ms
Fri, 22 Apr 2022 19:51:09 GMT GET /apartments/1650471925549DyKL9Nb2q6Awy.jpeg 200 215498 - 1.054 ms
Fri, 22 Apr 2022 19:51:09 GMT GET /rooms/1650479218147nPNxaketPIf6x.jpeg 200 32898 - 1.094 ms
Fri, 22 Apr 2022 19:51:09 GMT GET /rooms/1650479218143HycSOdxlARO8f.jpeg 200 215498 - 1.182 ms
Fri, 22 Apr 2022 19:51:09 GMT GET /rooms/1650479218148teCKt5S2u9kxw.jpeg 200 94493 - 0.901 ms
Fri, 22 Apr 2022 19:51:09 GMT GET /rooms/1650479218151WguedZS07bmAW.jpeg 200 87949 - 0.945 ms
Fri, 22 Apr 2022 19:51:11 GMT OPTIONS /api/apmnt-all 204 0 - 0.168 ms
Fri, 22 Apr 2022 19:51:11 GMT GET /api/apmnt-all 200 19638 - 21.770 ms
Fri, 22 Apr 2022 19:51:12 GMT GET /apartments/1650471925549DyKL9Nb2q6Awy.jpeg 200 215498 - 0.733 ms
Fri, 22 Apr 2022 19:51:12 GMT GET /apartments/1650471959970nY5eJfjGZUqD1.jpeg 200 215498 - 1.088 ms
Fri, 22 Apr 2022 19:51:12 GMT GET /apartments/1650567433384DiBhxewzIzaOg.jpeg 200 215498 - 0.973 ms
Fri, 22 Apr 2022 19:51:12 GMT GET /apartments/16505674426868TrgbXOspgeik.jpeg 200 215498 - 0.909 ms
Fri, 22 Apr 2022 19:51:12 GMT GET /apartments/1650567447126U3zJsNJ2iEoVb.jpeg 200 215498 - 0.422 ms
Fri, 22 Apr 2022 19:51:12 GMT GET /apartments/1650652093335a2DUWZXm0oq6K.jpg 200 1999286 - 1.210 ms
Fri, 22 Apr 2022 19:51:13 GMT GET /apartments/16505674426868TrgbXOspgeik.jpeg 200 215498 - 1.487 ms
Fri, 22 Apr 2022 19:51:13 GMT GET /rooms/1650567584602N647RWskfqIZw.jpeg 200 32898 - 2.553 ms
Fri, 22 Apr 2022 19:51:13 GMT GET /rooms/1650567584603YrjkC73FNNNqq.jpeg 200 87949 - 2.186 ms
Fri, 22 Apr 2022 19:51:13 GMT GET /rooms/1650567584602LLAy2shASefq9.jpeg 200 94493 - 2.067 ms
Fri, 22 Apr 2022 19:51:13 GMT GET /rooms/16505675845996WG5nBuZU2sdt.jpeg 200 215498 - 2.681 ms
Fri, 22 Apr 2022 19:51:15 GMT GET /rooms/1650567588810x0EzxjIvd2lo7.jpeg 200 32898 - 1.641 ms
Fri, 22 Apr 2022 19:51:15 GMT GET /rooms/1650567588809uJh8pmHCNOltn.jpeg 200 215498 - 0.964 ms
Fri, 22 Apr 2022 19:51:15 GMT GET /rooms/1650567588810vyEtBeQ9PPVeh.jpeg 200 94493 - 1.487 ms
Fri, 22 Apr 2022 19:51:15 GMT GET /rooms/1650567588811uuSnxzMPqn5y2.jpeg 200 87949 - 1.377 ms
Fri, 22 Apr 2022 19:51:15 GMT OPTIONS /api/apmnt-all 204 0 - 0.086 ms
Fri, 22 Apr 2022 19:51:15 GMT GET /api/apmnt-all 200 19638 - 13.977 ms
Fri, 22 Apr 2022 19:51:15 GMT GET /apartments/1650652093335a2DUWZXm0oq6K.jpg 200 1999286 - 0.722 ms
Fri, 22 Apr 2022 19:51:15 GMT GET /apartments/1650471925549DyKL9Nb2q6Awy.jpeg 200 215498 - 0.622 ms
Fri, 22 Apr 2022 19:51:16 GMT GET /apartments/1650471959970nY5eJfjGZUqD1.jpeg 200 215498 - 0.537 ms
Fri, 22 Apr 2022 19:51:16 GMT GET /apartments/1650567433384DiBhxewzIzaOg.jpeg 200 215498 - 0.511 ms
Fri, 22 Apr 2022 19:51:16 GMT GET /apartments/16505674426868TrgbXOspgeik.jpeg 200 215498 - 0.656 ms
Fri, 22 Apr 2022 19:51:16 GMT GET /apartments/1650567447126U3zJsNJ2iEoVb.jpeg 200 215498 - 0.430 ms
Fri, 22 Apr 2022 19:51:16 GMT GET /apartments/1650567447126U3zJsNJ2iEoVb.jpeg 200 215498 - 1.222 ms
Fri, 22 Apr 2022 19:51:16 GMT GET /rooms/16505676025629vLtfW9JrlkB2.jpeg 200 32898 - 0.623 ms
Fri, 22 Apr 2022 19:51:16 GMT GET /rooms/16505676025602QXhet7W8aPIj.jpeg 200 215498 - 0.914 ms
Fri, 22 Apr 2022 19:51:16 GMT GET /rooms/16505676025624UDIsxzIo644y.jpeg 200 94493 - 2.087 ms
Fri, 22 Apr 2022 19:51:16 GMT GET /rooms/1650567602563mo0oHUPaJEbJI.jpeg 200 87949 - 1.645 ms
Fri, 22 Apr 2022 19:51:18 GMT OPTIONS /api/apmnt-all 204 0 - 0.093 ms
Fri, 22 Apr 2022 19:51:18 GMT GET /api/apmnt-all 200 19638 - 21.978 ms
Fri, 22 Apr 2022 19:51:18 GMT GET /apartments/1650471925549DyKL9Nb2q6Awy.jpeg 200 215498 - 0.404 ms
Fri, 22 Apr 2022 19:51:18 GMT GET /apartments/1650471959970nY5eJfjGZUqD1.jpeg 200 215498 - 0.514 ms
Fri, 22 Apr 2022 19:51:18 GMT GET /apartments/1650567433384DiBhxewzIzaOg.jpeg 200 215498 - 0.972 ms
Fri, 22 Apr 2022 19:51:18 GMT GET /apartments/16505674426868TrgbXOspgeik.jpeg 200 215498 - 0.422 ms
Fri, 22 Apr 2022 19:51:18 GMT GET /apartments/1650567447126U3zJsNJ2iEoVb.jpeg 200 215498 - 0.346 ms
Fri, 22 Apr 2022 19:51:18 GMT GET /apartments/1650652093335a2DUWZXm0oq6K.jpg 200 1999286 - 0.604 ms
Fri, 22 Apr 2022 19:51:19 GMT GET /apartments/1650567447126U3zJsNJ2iEoVb.jpeg 200 215498 - 0.436 ms
Fri, 22 Apr 2022 19:51:19 GMT GET /rooms/16505676025602QXhet7W8aPIj.jpeg 200 215498 - 0.392 ms
Fri, 22 Apr 2022 19:51:19 GMT GET /rooms/16505676025629vLtfW9JrlkB2.jpeg 200 32898 - 0.222 ms
Fri, 22 Apr 2022 19:51:19 GMT GET /rooms/16505676025624UDIsxzIo644y.jpeg 200 94493 - 0.396 ms
Fri, 22 Apr 2022 19:51:19 GMT GET /rooms/1650567602563mo0oHUPaJEbJI.jpeg 200 87949 - 0.338 ms
Fri, 22 Apr 2022 19:51:21 GMT OPTIONS /api/apmnt-all 204 0 - 0.075 ms
Fri, 22 Apr 2022 19:51:21 GMT GET /api/apmnt-all 200 19638 - 16.348 ms
Fri, 22 Apr 2022 19:51:21 GMT GET /apartments/1650471925549DyKL9Nb2q6Awy.jpeg 200 215498 - 0.201 ms
Fri, 22 Apr 2022 19:51:21 GMT GET /apartments/1650471959970nY5eJfjGZUqD1.jpeg 200 215498 - 0.241 ms
Fri, 22 Apr 2022 19:51:21 GMT GET /apartments/1650567433384DiBhxewzIzaOg.jpeg 200 215498 - 0.552 ms
Fri, 22 Apr 2022 19:51:21 GMT GET /apartments/16505674426868TrgbXOspgeik.jpeg 200 215498 - 0.443 ms
Fri, 22 Apr 2022 19:51:21 GMT GET /apartments/1650567447126U3zJsNJ2iEoVb.jpeg 200 215498 - 0.362 ms
Fri, 22 Apr 2022 19:51:21 GMT GET /apartments/1650652093335a2DUWZXm0oq6K.jpg 200 1999286 - 0.355 ms
Fri, 22 Apr 2022 19:52:40 GMT OPTIONS /api/login 204 0 - 1.904 ms
Fri, 22 Apr 2022 19:52:40 GMT POST /api/login 200 401 - 108.776 ms
Fri, 22 Apr 2022 19:52:40 GMT OPTIONS /api/apmnt-owner-room 204 0 - 0.389 ms
Fri, 22 Apr 2022 19:52:40 GMT GET /api/apmnt-owner-room 200 14024 - 21.389 ms
Fri, 22 Apr 2022 19:52:41 GMT GET /apartments/1650651289546fFTCNriNz4N0m.jpeg 200 52565 - 4.207 ms
Fri, 22 Apr 2022 19:52:41 GMT GET /apartments/16505674426868TrgbXOspgeik.jpeg 200 215498 - 5.235 ms
Fri, 22 Apr 2022 19:52:41 GMT GET /apartments/1650567433384DiBhxewzIzaOg.jpeg 200 215498 - 4.847 ms
Fri, 22 Apr 2022 19:52:41 GMT GET /apartments/1650567447126U3zJsNJ2iEoVb.jpeg 200 215498 - 4.607 ms
Fri, 22 Apr 2022 19:52:41 GMT GET /apartments/1650651681473iSfdHgYpoZTUt.jpg 200 455519 - 4.499 ms
Fri, 22 Apr 2022 19:52:41 GMT GET /apartments/1650652093335a2DUWZXm0oq6K.jpg 200 1999286 - 4.432 ms
Fri, 22 Apr 2022 19:52:42 GMT GET /apartments/1650567433384DiBhxewzIzaOg.jpeg 200 215498 - 1.552 ms
Fri, 22 Apr 2022 19:54:51 GMT GET /apartments/1650567433384DiBhxewzIzaOg.jpeg 200 215498 - 5.683 ms
Fri, 22 Apr 2022 19:54:55 GMT GET /apartments/1650567433384DiBhxewzIzaOg.jpeg 200 215498 - 2.490 ms
Fri, 22 Apr 2022 19:55:05 GMT OPTIONS /api/apmnt-owner-room 204 0 - 1.698 ms
Fri, 22 Apr 2022 19:55:05 GMT GET /api/apmnt-owner-room 200 14024 - 45.205 ms
Fri, 22 Apr 2022 19:55:05 GMT GET /apartments/1650567433384DiBhxewzIzaOg.jpeg 200 215498 - 0.653 ms
Fri, 22 Apr 2022 19:55:05 GMT GET /apartments/16505674426868TrgbXOspgeik.jpeg 200 215498 - 0.736 ms
Fri, 22 Apr 2022 19:55:05 GMT GET /apartments/1650567447126U3zJsNJ2iEoVb.jpeg 200 215498 - 0.711 ms
Fri, 22 Apr 2022 19:55:05 GMT GET /apartments/1650651289546fFTCNriNz4N0m.jpeg 200 52565 - 0.617 ms
Fri, 22 Apr 2022 19:55:05 GMT GET /apartments/1650651681473iSfdHgYpoZTUt.jpg 200 455519 - 0.802 ms
Fri, 22 Apr 2022 19:55:05 GMT GET /apartments/1650652093335a2DUWZXm0oq6K.jpg 200 1999286 - 0.497 ms
Fri, 22 Apr 2022 19:55:07 GMT GET /apartments/1650652093335a2DUWZXm0oq6K.jpg 200 1999286 - 1.799 ms
Fri, 22 Apr 2022 19:55:16 GMT GET /apartments/1650652093335a2DUWZXm0oq6K.jpg 200 1999286 - 1.545 ms
Fri, 22 Apr 2022 19:57:40 GMT OPTIONS /api/apmnt-owner-room 204 0 - 0.658 ms
Fri, 22 Apr 2022 19:57:40 GMT GET /api/apmnt-owner-room 200 14024 - 33.481 ms
Fri, 22 Apr 2022 19:57:40 GMT GET /apartments/1650651289546fFTCNriNz4N0m.jpeg 200 52565 - 3.239 ms
Fri, 22 Apr 2022 19:57:40 GMT GET /apartments/16505674426868TrgbXOspgeik.jpeg 200 215498 - 4.219 ms
Fri, 22 Apr 2022 19:57:40 GMT GET /apartments/1650567433384DiBhxewzIzaOg.jpeg 200 215498 - 5.462 ms
Fri, 22 Apr 2022 19:57:40 GMT GET /apartments/1650567447126U3zJsNJ2iEoVb.jpeg 200 215498 - 4.246 ms
Fri, 22 Apr 2022 19:57:40 GMT GET /apartments/1650651681473iSfdHgYpoZTUt.jpg 200 455519 - 3.609 ms
Fri, 22 Apr 2022 19:57:40 GMT GET /apartments/1650652093335a2DUWZXm0oq6K.jpg 200 1999286 - 5.922 ms
Fri, 22 Apr 2022 19:57:43 GMT GET /apartments/1650567433384DiBhxewzIzaOg.jpeg 200 215498 - 1.319 ms
Fri, 22 Apr 2022 19:59:05 GMT OPTIONS /api/apmnt-owner-room 204 0 - 0.360 ms
Fri, 22 Apr 2022 19:59:05 GMT GET /api/apmnt-owner-room 200 14024 - 32.240 ms
Fri, 22 Apr 2022 19:59:06 GMT GET /apartments/1650651289546fFTCNriNz4N0m.jpeg 200 52565 - 1.157 ms
Fri, 22 Apr 2022 19:59:06 GMT GET /apartments/16505674426868TrgbXOspgeik.jpeg 200 215498 - 1.143 ms
Fri, 22 Apr 2022 19:59:06 GMT GET /apartments/1650567433384DiBhxewzIzaOg.jpeg 200 215498 - 1.248 ms
Fri, 22 Apr 2022 19:59:06 GMT GET /apartments/1650567447126U3zJsNJ2iEoVb.jpeg 200 215498 - 1.196 ms
Fri, 22 Apr 2022 19:59:06 GMT GET /apartments/1650651681473iSfdHgYpoZTUt.jpg 200 455519 - 1.113 ms
Fri, 22 Apr 2022 19:59:06 GMT GET /apartments/1650652093335a2DUWZXm0oq6K.jpg 200 1999286 - 1.069 ms
Fri, 22 Apr 2022 19:59:07 GMT GET /apartments/1650652093335a2DUWZXm0oq6K.jpg 200 1999286 - 1.925 ms
Fri, 22 Apr 2022 19:59:53 GMT OPTIONS /api/room 204 0 - 1.736 ms
Fri, 22 Apr 2022 19:59:53 GMT POST /api/room 201 22 - 24.927 ms
Fri, 22 Apr 2022 19:59:56 GMT GET /apartments/1650652093335a2DUWZXm0oq6K.jpg 200 1999286 - 3.877 ms
Fri, 22 Apr 2022 19:59:56 GMT OPTIONS /api/apmnt-owner-room 204 0 - 0.155 ms
Fri, 22 Apr 2022 19:59:56 GMT GET /api/apmnt-owner-room 200 14545 - 22.611 ms
Fri, 22 Apr 2022 19:59:56 GMT GET /apartments/1650567433384DiBhxewzIzaOg.jpeg 200 215498 - 0.790 ms
Fri, 22 Apr 2022 19:59:56 GMT GET /apartments/16505674426868TrgbXOspgeik.jpeg 200 215498 - 0.697 ms
Fri, 22 Apr 2022 19:59:56 GMT GET /apartments/1650567447126U3zJsNJ2iEoVb.jpeg 200 215498 - 0.375 ms
Fri, 22 Apr 2022 19:59:56 GMT GET /apartments/1650651289546fFTCNriNz4N0m.jpeg 200 52565 - 0.485 ms
Fri, 22 Apr 2022 19:59:56 GMT GET /apartments/1650651681473iSfdHgYpoZTUt.jpg 200 455519 - 0.488 ms
Fri, 22 Apr 2022 19:59:56 GMT GET /apartments/1650652093335a2DUWZXm0oq6K.jpg 200 1999286 - 0.492 ms
Fri, 22 Apr 2022 19:59:59 GMT GET /apartments/1650652093335a2DUWZXm0oq6K.jpg 200 1999286 - 0.515 ms
Fri, 22 Apr 2022 20:09:17 GMT OPTIONS /api/apmnt-id/6262f3bd2cf6c54b54997bf9 204 0 - 1.735 ms
Fri, 22 Apr 2022 20:09:17 GMT GET /api/apmnt-id/6262f3bd2cf6c54b54997bf9 200 1568 - 28.142 ms
Fri, 22 Apr 2022 20:09:19 GMT OPTIONS /api/apmnt-owner-room 204 0 - 0.288 ms
Fri, 22 Apr 2022 20:09:19 GMT GET /api/apmnt-owner-room 200 14545 - 25.616 ms
Fri, 22 Apr 2022 20:09:20 GMT GET /apartments/1650651289546fFTCNriNz4N0m.jpeg 200 52565 - 7.370 ms
Fri, 22 Apr 2022 20:09:20 GMT GET /apartments/16505674426868TrgbXOspgeik.jpeg 200 215498 - 11.555 ms
Fri, 22 Apr 2022 20:09:20 GMT GET /apartments/1650567433384DiBhxewzIzaOg.jpeg 200 215498 - 12.631 ms
Fri, 22 Apr 2022 20:09:20 GMT GET /apartments/1650567447126U3zJsNJ2iEoVb.jpeg 200 215498 - 11.273 ms
Fri, 22 Apr 2022 20:09:20 GMT GET /apartments/1650651681473iSfdHgYpoZTUt.jpg 200 455519 - 9.716 ms
Fri, 22 Apr 2022 20:09:20 GMT GET /apartments/1650652093335a2DUWZXm0oq6K.jpg 200 1999286 - 10.085 ms
Fri, 22 Apr 2022 20:09:22 GMT OPTIONS /api/apmnt-id/6262f3bd2cf6c54b54997bf9 204 0 - 0.144 ms
Fri, 22 Apr 2022 20:09:22 GMT GET /apartments/1650652093335a2DUWZXm0oq6K.jpg 200 1999286 - 1.620 ms
Fri, 22 Apr 2022 20:09:22 GMT GET /api/apmnt-id/6262f3bd2cf6c54b54997bf9 200 1568 - 7.992 ms
Fri, 22 Apr 2022 20:09:25 GMT OPTIONS /api/apmnt-owner-room 204 0 - 0.163 ms
Fri, 22 Apr 2022 20:09:25 GMT GET /api/apmnt-owner-room 200 14545 - 22.897 ms
Fri, 22 Apr 2022 20:09:25 GMT GET /apartments/1650567433384DiBhxewzIzaOg.jpeg 200 215498 - 0.787 ms
Fri, 22 Apr 2022 20:09:25 GMT GET /apartments/16505674426868TrgbXOspgeik.jpeg 200 215498 - 1.372 ms
Fri, 22 Apr 2022 20:09:25 GMT GET /apartments/1650567447126U3zJsNJ2iEoVb.jpeg 200 215498 - 1.097 ms
Fri, 22 Apr 2022 20:09:25 GMT GET /apartments/1650651289546fFTCNriNz4N0m.jpeg 200 52565 - 0.607 ms
Fri, 22 Apr 2022 20:09:25 GMT GET /apartments/1650651681473iSfdHgYpoZTUt.jpg 200 455519 - 0.738 ms
Fri, 22 Apr 2022 20:09:25 GMT GET /apartments/1650652093335a2DUWZXm0oq6K.jpg 200 1999286 - 0.549 ms
Fri, 22 Apr 2022 20:09:27 GMT OPTIONS /api/apmnt-id/6262f3bd2cf6c54b54997bf9 204 0 - 0.263 ms
Fri, 22 Apr 2022 20:09:27 GMT GET /api/apmnt-id/6262f3bd2cf6c54b54997bf9 200 1568 - 7.304 ms
Fri, 22 Apr 2022 20:09:28 GMT GET /apartments/1650652093335a2DUWZXm0oq6K.jpg 200 1999286 - 1.179 ms
Fri, 22 Apr 2022 20:09:56 GMT OPTIONS /api/apmnt-owner-room 204 0 - 2.581 ms
Fri, 22 Apr 2022 20:09:56 GMT GET /api/apmnt-owner-room 200 14545 - 46.435 ms
Fri, 22 Apr 2022 20:09:57 GMT GET /apartments/1650651289546fFTCNriNz4N0m.jpeg 200 52565 - 3.296 ms
Fri, 22 Apr 2022 20:09:57 GMT GET /apartments/1650567433384DiBhxewzIzaOg.jpeg 200 215498 - 6.182 ms
Fri, 22 Apr 2022 20:09:57 GMT GET /apartments/16505674426868TrgbXOspgeik.jpeg 200 215498 - 5.549 ms
Fri, 22 Apr 2022 20:09:57 GMT GET /apartments/1650567447126U3zJsNJ2iEoVb.jpeg 200 215498 - 5.519 ms
Fri, 22 Apr 2022 20:09:57 GMT GET /apartments/1650651681473iSfdHgYpoZTUt.jpg 200 455519 - 3.771 ms
Fri, 22 Apr 2022 20:09:57 GMT GET /apartments/1650652093335a2DUWZXm0oq6K.jpg 200 1999286 - 3.819 ms
Fri, 22 Apr 2022 20:09:58 GMT OPTIONS /api/apmnt-id/6262f3bd2cf6c54b54997bf9 204 0 - 0.341 ms
Fri, 22 Apr 2022 20:09:58 GMT GET /api/apmnt-id/6262f3bd2cf6c54b54997bf9 200 1568 - 8.605 ms
Fri, 22 Apr 2022 20:09:58 GMT GET /apartments/1650652093335a2DUWZXm0oq6K.jpg 200 1999286 - 0.841 ms
Fri, 22 Apr 2022 20:10:49 GMT OPTIONS /api/room 204 0 - 0.097 ms
Fri, 22 Apr 2022 20:10:49 GMT POST /api/room 201 22 - 16.546 ms
Fri, 22 Apr 2022 20:10:49 GMT OPTIONS /api/apmnt-id/6262f3bd2cf6c54b54997bf9 204 0 - 0.087 ms
Fri, 22 Apr 2022 20:10:49 GMT GET /api/apmnt-id/6262f3bd2cf6c54b54997bf9 200 2090 - 6.172 ms
Fri, 22 Apr 2022 20:10:49 GMT GET /apartments/1650652093335a2DUWZXm0oq6K.jpg 200 1999286 - 0.557 ms
Fri, 22 Apr 2022 20:11:00 GMT OPTIONS /api/apmnt-owner-room 204 0 - 0.346 ms
Fri, 22 Apr 2022 20:11:01 GMT GET /api/apmnt-owner-room 200 15067 - 19.355 ms
Fri, 22 Apr 2022 20:11:01 GMT GET /apartments/1650652093335a2DUWZXm0oq6K.jpg 200 1999286 - 0.676 ms
Fri, 22 Apr 2022 20:11:01 GMT GET /apartments/1650567433384DiBhxewzIzaOg.jpeg 200 215498 - 0.722 ms
Fri, 22 Apr 2022 20:11:01 GMT GET /apartments/16505674426868TrgbXOspgeik.jpeg 200 215498 - 0.360 ms
Fri, 22 Apr 2022 20:11:01 GMT GET /apartments/1650567447126U3zJsNJ2iEoVb.jpeg 200 215498 - 0.324 ms
Fri, 22 Apr 2022 20:11:01 GMT GET /apartments/1650651289546fFTCNriNz4N0m.jpeg 200 52565 - 0.327 ms
Fri, 22 Apr 2022 20:11:01 GMT GET /apartments/1650651681473iSfdHgYpoZTUt.jpg 200 455519 - 0.514 ms
Fri, 22 Apr 2022 20:11:02 GMT OPTIONS /api/apmnt-id/6262f3bd2cf6c54b54997bf9 204 0 - 0.089 ms
Fri, 22 Apr 2022 20:11:02 GMT GET /api/apmnt-id/6262f3bd2cf6c54b54997bf9 200 2090 - 4.414 ms
Fri, 22 Apr 2022 20:11:02 GMT GET /apartments/1650652093335a2DUWZXm0oq6K.jpg 200 1999286 - 0.703 ms
Fri, 22 Apr 2022 20:11:20 GMT OPTIONS /api/apmnt-id/6262f3bd2cf6c54b54997bf9 204 0 - 0.720 ms
Fri, 22 Apr 2022 20:11:20 GMT GET /apartments/1650652093335a2DUWZXm0oq6K.jpg 200 1999286 - 1.779 ms
Fri, 22 Apr 2022 20:11:20 GMT GET /api/apmnt-id/6262f3bd2cf6c54b54997bf9 200 2090 - 11.961 ms
Fri, 22 Apr 2022 20:13:34 GMT OPTIONS /api/apmnt-id/6262f3bd2cf6c54b54997bf9 204 0 - 0.682 ms
Fri, 22 Apr 2022 20:13:34 GMT GET /api/apmnt-id/6262f3bd2cf6c54b54997bf9 200 2090 - 17.298 ms
Fri, 22 Apr 2022 20:13:34 GMT GET /apartments/1650652093335a2DUWZXm0oq6K.jpg 200 1999286 - 8.051 ms
Fri, 22 Apr 2022 20:13:38 GMT OPTIONS /api/apmnt-id/6262f3bd2cf6c54b54997bf9 204 0 - 0.607 ms
Fri, 22 Apr 2022 20:13:38 GMT GET /api/apmnt-id/6262f3bd2cf6c54b54997bf9 200 2090 - 10.479 ms
Fri, 22 Apr 2022 20:13:38 GMT GET /apartments/1650652093335a2DUWZXm0oq6K.jpg 200 1999286 - 1.427 ms
Fri, 22 Apr 2022 20:17:04 GMT OPTIONS /api/apmnt-id/6262f3bd2cf6c54b54997bf9 204 0 - 0.777 ms
Fri, 22 Apr 2022 20:17:04 GMT GET /apartments/1650652093335a2DUWZXm0oq6K.jpg 200 1999286 - 11.235 ms
Fri, 22 Apr 2022 20:17:04 GMT GET /api/apmnt-id/6262f3bd2cf6c54b54997bf9 200 2090 - 20.927 ms
Fri, 22 Apr 2022 20:19:01 GMT OPTIONS /api/apmnt-id/6262f3bd2cf6c54b54997bf9 204 0 - 0.832 ms
Fri, 22 Apr 2022 20:19:01 GMT GET /apartments/1650652093335a2DUWZXm0oq6K.jpg 200 1999286 - 9.552 ms
Fri, 22 Apr 2022 20:19:01 GMT GET /api/apmnt-id/6262f3bd2cf6c54b54997bf9 200 2090 - 20.043 ms
Fri, 22 Apr 2022 20:20:28 GMT OPTIONS /api/apmnt-id/6262f3bd2cf6c54b54997bf9 204 0 - 0.294 ms
Fri, 22 Apr 2022 20:20:28 GMT GET /api/apmnt-id/6262f3bd2cf6c54b54997bf9 200 2090 - 14.328 ms
Fri, 22 Apr 2022 20:20:28 GMT GET /apartments/1650652093335a2DUWZXm0oq6K.jpg 200 1999286 - 3.236 ms
Fri, 22 Apr 2022 20:22:07 GMT OPTIONS /api/apmnt-owner-room 204 0 - 0.538 ms
Fri, 22 Apr 2022 20:22:07 GMT GET /api/apmnt-owner-room 200 15067 - 18.903 ms
Fri, 22 Apr 2022 20:22:08 GMT GET /apartments/1650651289546fFTCNriNz4N0m.jpeg 200 52565 - 2.720 ms
Fri, 22 Apr 2022 20:22:08 GMT GET /apartments/1650567433384DiBhxewzIzaOg.jpeg 200 215498 - 2.726 ms
Fri, 22 Apr 2022 20:22:08 GMT GET /apartments/16505674426868TrgbXOspgeik.jpeg 200 215498 - 2.916 ms
Fri, 22 Apr 2022 20:22:08 GMT GET /apartments/1650567447126U3zJsNJ2iEoVb.jpeg 200 215498 - 2.570 ms
Fri, 22 Apr 2022 20:22:08 GMT GET /apartments/1650651681473iSfdHgYpoZTUt.jpg 200 455519 - 2.237 ms
Fri, 22 Apr 2022 20:22:08 GMT GET /apartments/1650652093335a2DUWZXm0oq6K.jpg 200 1999286 - 2.305 ms
Fri, 22 Apr 2022 20:22:08 GMT OPTIONS /api/apmnt-id/6262f3bd2cf6c54b54997bf9 204 0 - 0.200 ms
Fri, 22 Apr 2022 20:22:08 GMT GET /api/apmnt-id/6262f3bd2cf6c54b54997bf9 200 2090 - 8.290 ms
Fri, 22 Apr 2022 20:22:08 GMT GET /apartments/1650652093335a2DUWZXm0oq6K.jpg 200 1999286 - 0.993 ms
Fri, 22 Apr 2022 20:26:53 GMT OPTIONS /api/apmnt-id/6262f3bd2cf6c54b54997bf9 204 0 - 0.671 ms
Fri, 22 Apr 2022 20:26:53 GMT GET /api/apmnt-id/6262f3bd2cf6c54b54997bf9 200 2090 - 21.166 ms
Fri, 22 Apr 2022 20:26:53 GMT GET /apartments/1650652093335a2DUWZXm0oq6K.jpg 200 1999286 - 7.194 ms
Fri, 22 Apr 2022 20:26:53 GMT OPTIONS /api/apmnt-owner-room 204 0 - 0.501 ms
Fri, 22 Apr 2022 20:26:53 GMT GET /api/apmnt-owner-room 200 15067 - 39.383 ms
Fri, 22 Apr 2022 20:26:53 GMT GET /apartments/1650567433384DiBhxewzIzaOg.jpeg 200 215498 - 0.742 ms
Fri, 22 Apr 2022 20:26:53 GMT GET /apartments/16505674426868TrgbXOspgeik.jpeg 200 215498 - 0.501 ms
Fri, 22 Apr 2022 20:26:53 GMT GET /apartments/1650567447126U3zJsNJ2iEoVb.jpeg 200 215498 - 0.679 ms
Fri, 22 Apr 2022 20:26:53 GMT GET /apartments/1650652093335a2DUWZXm0oq6K.jpg 200 1999286 - 0.847 ms
Fri, 22 Apr 2022 20:26:53 GMT GET /apartments/1650651289546fFTCNriNz4N0m.jpeg 200 52565 - 0.677 ms
Fri, 22 Apr 2022 20:26:54 GMT GET /apartments/1650651681473iSfdHgYpoZTUt.jpg 200 455519 - 0.831 ms
Fri, 22 Apr 2022 20:26:56 GMT OPTIONS /api/apmnt-owner-room 204 0 - 0.187 ms
Fri, 22 Apr 2022 20:26:56 GMT GET /api/apmnt-owner-room 200 15067 - 17.283 ms
Fri, 22 Apr 2022 20:26:56 GMT GET /apartments/1650651289546fFTCNriNz4N0m.jpeg 200 52565 - 1.950 ms
Fri, 22 Apr 2022 20:26:56 GMT GET /apartments/1650567433384DiBhxewzIzaOg.jpeg 200 215498 - 2.409 ms
Fri, 22 Apr 2022 20:26:56 GMT GET /apartments/16505674426868TrgbXOspgeik.jpeg 200 215498 - 2.279 ms
Fri, 22 Apr 2022 20:26:56 GMT GET /apartments/1650567447126U3zJsNJ2iEoVb.jpeg 200 215498 - 2.166 ms
Fri, 22 Apr 2022 20:26:56 GMT GET /apartments/1650651681473iSfdHgYpoZTUt.jpg 200 455519 - 1.609 ms
Fri, 22 Apr 2022 20:26:56 GMT GET /apartments/1650652093335a2DUWZXm0oq6K.jpg 200 1999286 - 1.277 ms
Fri, 22 Apr 2022 20:26:58 GMT OPTIONS /api/apmnt-id/6262f3bd2cf6c54b54997bf9 204 0 - 0.140 ms
Fri, 22 Apr 2022 20:26:58 GMT GET /api/apmnt-id/6262f3bd2cf6c54b54997bf9 200 2090 - 6.003 ms
Fri, 22 Apr 2022 20:26:58 GMT GET /apartments/1650652093335a2DUWZXm0oq6K.jpg 200 1999286 - 1.113 ms
Fri, 22 Apr 2022 20:27:03 GMT OPTIONS /api/apmnt-id/6262f3bd2cf6c54b54997bf9 204 0 - 0.138 ms
Fri, 22 Apr 2022 20:27:03 GMT GET /api/apmnt-id/6262f3bd2cf6c54b54997bf9 200 2090 - 6.197 ms
Fri, 22 Apr 2022 20:27:03 GMT GET /apartments/1650652093335a2DUWZXm0oq6K.jpg 200 1999286 - 0.797 ms
Fri, 22 Apr 2022 20:27:14 GMT OPTIONS /api/apmnt-id/6262f3bd2cf6c54b54997bf9 204 0 - 0.152 ms
Fri, 22 Apr 2022 20:27:14 GMT GET /api/apmnt-id/6262f3bd2cf6c54b54997bf9 200 2090 - 8.933 ms
Fri, 22 Apr 2022 20:27:15 GMT GET /apartments/1650652093335a2DUWZXm0oq6K.jpg 200 1999286 - 0.582 ms
Fri, 22 Apr 2022 20:27:18 GMT OPTIONS /api/apmnt-id/6262f3bd2cf6c54b54997bf9 204 0 - 0.379 ms
Fri, 22 Apr 2022 20:27:18 GMT GET /api/apmnt-id/6262f3bd2cf6c54b54997bf9 200 2090 - 8.838 ms
Fri, 22 Apr 2022 20:27:18 GMT GET /apartments/1650652093335a2DUWZXm0oq6K.jpg 200 1999286 - 2.232 ms
