Wed, 20 Apr 2022 17:00:01 GMT GET /apartments/1650471955805DlciQV0o0EycQ.jpeg 200 215498 - 2.475 ms
Wed, 20 Apr 2022 17:00:01 GMT GET /apartments/1650471959970nY5eJfjGZUqD1.jpeg 200 215498 - 1.552 ms
Wed, 20 Apr 2022 17:00:01 GMT GET /apartments/1650471925549DyKL9Nb2q6Awy.jpeg 200 215498 - 2.234 ms
Wed, 20 Apr 2022 17:00:25 GMT OPTIONS /api/login 204 0 - 1.022 ms
Wed, 20 Apr 2022 17:00:25 GMT POST /api/login 200 408 - 6.577 ms
Wed, 20 Apr 2022 17:00:26 GMT GET /apartments/1650471955805DlciQV0o0EycQ.jpeg 200 215498 - 2.007 ms
Wed, 20 Apr 2022 17:00:26 GMT GET /apartments/1650471925549DyKL9Nb2q6Awy.jpeg 200 215498 - 1.726 ms
Wed, 20 Apr 2022 17:00:26 GMT GET /apartments/1650471959970nY5eJfjGZUqD1.jpeg 200 215498 - 1.482 ms
Wed, 20 Apr 2022 17:04:01 GMT GET /api/apmnt-all 400 28 - 1.350 ms
Wed, 20 Apr 2022 17:04:06 GMT GET /api/apmnt-all 400 28 - 1.072 ms
Wed, 20 Apr 2022 17:06:55 GMT OPTIONS /api/apmnt-all 204 0 - 0.374 ms
Wed, 20 Apr 2022 17:06:55 GMT GET /api/apmnt-all 400 28 - 5.394 ms
Wed, 20 Apr 2022 17:07:03 GMT OPTIONS /api/apmnt-all 204 0 - 0.217 ms
Wed, 20 Apr 2022 17:07:03 GMT GET /api/apmnt-all 400 28 - 2.212 ms
Wed, 20 Apr 2022 17:07:21 GMT OPTIONS /api/apmnt-all 204 0 - 0.524 ms
Wed, 20 Apr 2022 17:07:21 GMT GET /api/apmnt-all 400 28 - 2.639 ms
Wed, 20 Apr 2022 17:07:32 GMT OPTIONS /api/apmnt-all 204 0 - 0.427 ms
Wed, 20 Apr 2022 17:07:32 GMT GET /api/apmnt-all 400 28 - 1.598 ms
Wed, 20 Apr 2022 17:07:56 GMT OPTIONS /api/login 204 0 - 0.199 ms
Wed, 20 Apr 2022 17:07:56 GMT POST /api/login 200 408 - 7.314 ms
Wed, 20 Apr 2022 17:07:56 GMT OPTIONS /api/apmnt-all 204 0 - 0.118 ms
Wed, 20 Apr 2022 17:07:56 GMT GET /api/apmnt-all 400 28 - 0.500 ms
Wed, 20 Apr 2022 17:12:37 GMT OPTIONS /api/login 204 0 - 0.316 ms
Wed, 20 Apr 2022 17:12:37 GMT POST /api/login 200 408 - 6.587 ms
Wed, 20 Apr 2022 17:12:38 GMT OPTIONS /api/apmnt-all 204 0 - 0.145 ms
Wed, 20 Apr 2022 17:12:38 GMT GET /api/apmnt-all 400 28 - 0.812 ms
Wed, 20 Apr 2022 17:13:55 GMT OPTIONS /api/login 204 0 - 0.934 ms
Wed, 20 Apr 2022 17:13:55 GMT POST /api/login 200 408 - 5.640 ms
Wed, 20 Apr 2022 17:13:58 GMT OPTIONS /api/login 204 0 - 1.060 ms
Wed, 20 Apr 2022 17:13:58 GMT POST /api/login 200 408 - 6.298 ms
Wed, 20 Apr 2022 17:14:00 GMT OPTIONS /api/login 204 0 - 0.322 ms
Wed, 20 Apr 2022 17:14:00 GMT POST /api/login 200 408 - 5.582 ms
Wed, 20 Apr 2022 17:14:01 GMT OPTIONS /api/login 204 0 - 0.397 ms
Wed, 20 Apr 2022 17:14:01 GMT POST /api/login 200 408 - 7.102 ms
Wed, 20 Apr 2022 17:14:15 GMT OPTIONS /api/login 204 0 - 0.387 ms
Wed, 20 Apr 2022 17:14:15 GMT POST /api/login 200 408 - 6.366 ms
Wed, 20 Apr 2022 17:14:16 GMT OPTIONS /api/login 204 0 - 0.261 ms
Wed, 20 Apr 2022 17:14:16 GMT POST /api/login 200 408 - 1.751 ms
Wed, 20 Apr 2022 17:14:17 GMT OPTIONS /api/login 204 0 - 0.306 ms
Wed, 20 Apr 2022 17:14:17 GMT POST /api/login 200 408 - 4.100 ms
Wed, 20 Apr 2022 17:14:18 GMT OPTIONS /api/login 204 0 - 0.354 ms
Wed, 20 Apr 2022 17:14:18 GMT POST /api/login 200 408 - 4.158 ms
Wed, 20 Apr 2022 17:14:22 GMT OPTIONS /api/login 204 0 - 0.266 ms
Wed, 20 Apr 2022 17:14:22 GMT POST /api/login 200 408 - 5.722 ms
Wed, 20 Apr 2022 17:14:22 GMT OPTIONS /api/login 204 0 - 0.291 ms
Wed, 20 Apr 2022 17:14:22 GMT POST /api/login 200 408 - 6.168 ms
Wed, 20 Apr 2022 17:14:23 GMT OPTIONS /api/login 204 0 - 0.238 ms
Wed, 20 Apr 2022 17:14:23 GMT POST /api/login 200 408 - 6.165 ms
Wed, 20 Apr 2022 17:14:45 GMT OPTIONS /api/login 204 0 - 0.282 ms
Wed, 20 Apr 2022 17:14:45 GMT POST /api/login 200 408 - 6.238 ms
Wed, 20 Apr 2022 17:14:45 GMT OPTIONS /api/apmnt-all 204 0 - 0.069 ms
Wed, 20 Apr 2022 17:14:45 GMT GET /api/apmnt-all 400 28 - 0.671 ms
Wed, 20 Apr 2022 17:15:35 GMT OPTIONS /api/login 204 0 - 0.372 ms
Wed, 20 Apr 2022 17:15:35 GMT POST /api/login 200 408 - 5.995 ms
Wed, 20 Apr 2022 17:15:35 GMT OPTIONS /api/apmnt-all 204 0 - 0.096 ms
Wed, 20 Apr 2022 17:15:35 GMT GET /api/apmnt-all 400 28 - 0.486 ms
Wed, 20 Apr 2022 17:17:13 GMT OPTIONS /api/login 204 0 - 0.298 ms
Wed, 20 Apr 2022 17:17:13 GMT POST /api/login 200 408 - 3.782 ms
Wed, 20 Apr 2022 17:17:13 GMT OPTIONS /api/apmnt-all 204 0 - 0.082 ms
Wed, 20 Apr 2022 17:17:13 GMT GET /api/apmnt-all 400 28 - 0.695 ms
